SF:utility/src/main/java/org/oppia/android/util/math/ComparableOperationExtensions.kt
FN:43,org/oppia/android/util/math/ComparableOperationExtensionsKt::isApproximatelyEqualTo (Lorg/oppia/android/app/model/ComparableOperation$CommutativeAccumulation;Lorg/oppia/android/app/model/ComparableOperation$CommutativeAccumulation;)Z
FN:53,org/oppia/android/util/math/ComparableOperationExtensionsKt::isApproximatelyEqualTo (Lorg/oppia/android/app/model/ComparableOperation$NonCommutativeOperation;Lorg/oppia/android/app/model/ComparableOperation$NonCommutativeOperation;)Z
FN:24,org/oppia/android/util/math/ComparableOperationExtensionsKt::isApproximatelyEqualTo (Lorg/oppia/android/app/model/ComparableOperation;Lorg/oppia/android/app/model/ComparableOperation;)Z
FNDA:0,org/oppia/android/util/math/ComparableOperationExtensionsKt::isApproximatelyEqualTo (Lorg/oppia/android/app/model/ComparableOperation$CommutativeAccumulation;Lorg/oppia/android/app/model/ComparableOperation$CommutativeAccumulation;)Z
FNDA:0,org/oppia/android/util/math/ComparableOperationExtensionsKt::isApproximatelyEqualTo (Lorg/oppia/android/app/model/ComparableOperation$NonCommutativeOperation;Lorg/oppia/android/app/model/ComparableOperation$NonCommutativeOperation;)Z
FNDA:0,org/oppia/android/util/math/ComparableOperationExtensionsKt::isApproximatelyEqualTo (Lorg/oppia/android/app/model/ComparableOperation;Lorg/oppia/android/app/model/ComparableOperation;)Z
FNF:3
FNH:0
DA:24,0
DA:25,0
DA:26,0
DA:27,0
DA:28,0
DA:30,0
DA:32,0
DA:33,0
DA:34,0
DA:35,0
DA:43,0
DA:44,0
DA:45,0
DA:46,0
DA:53,0
DA:54,0
DA:56,0
DA:57,0
DA:59,0
DA:60,0
LH:0
LF:20
end_of_record
SF:utility/src/main/java/org/oppia/android/util/math/ComparatorExtensions.kt
FN:17,org/oppia/android/util/math/ComparatorExtensionsKt::compareIterables (Ljava/util/Comparator;Ljava/lang/Iterable;Ljava/lang/Iterable;)I
FN:40,org/oppia/android/util/math/ComparatorExtensionsKt::compareIterablesInternal (Ljava/util/Comparator;Ljava/lang/Iterable;Ljava/lang/Iterable;Z)I
FN:31,org/oppia/android/util/math/ComparatorExtensionsKt::compareIterablesReversed (Ljava/util/Comparator;Ljava/lang/Iterable;Ljava/lang/Iterable;)I
FN:66,org/oppia/android/util/math/ComparatorExtensionsKt::compareProtos (Ljava/util/Comparator;Lcom/google/protobuf/MessageLite;Lcom/google/protobuf/MessageLite;)I
FNDA:0,org/oppia/android/util/math/ComparatorExtensionsKt::compareIterables (Ljava/util/Comparator;Ljava/lang/Iterable;Ljava/lang/Iterable;)I
FNDA:0,org/oppia/android/util/math/ComparatorExtensionsKt::compareIterablesInternal (Ljava/util/Comparator;Ljava/lang/Iterable;Ljava/lang/Iterable;Z)I
FNDA:0,org/oppia/android/util/math/ComparatorExtensionsKt::compareIterablesReversed (Ljava/util/Comparator;Ljava/lang/Iterable;Ljava/lang/Iterable;)I
FNDA:0,org/oppia/android/util/math/ComparatorExtensionsKt::compareProtos (Ljava/util/Comparator;Lcom/google/protobuf/MessageLite;Lcom/google/protobuf/MessageLite;)I
FNF:4
FNH:0
DA:17,0
DA:31,0
DA:40,0
DA:41,0
DA:42,0
DA:43,0
DA:44,0
DA:45,0
DA:49,0
DA:50,0
DA:51,0
DA:52,0
DA:66,0
DA:67,0
DA:68,0
DA:69,0
DA:70,0
DA:71,0
DA:72,0
DA:73,0
LH:0
LF:20
end_of_record
SF:utility/src/main/java/org/oppia/android/util/math/ExpressionToComparableOperationConverter.kt
FN:37,org/oppia/android/util/math/ExpressionToComparableOperationConverter$Companion$COMPARABLE_OPERATION_COMPARATOR$2::invoke ()Ljava/util/Comparator;
FN:165,org/oppia/android/util/math/ExpressionToComparableOperationConverter$Companion::addOperationToProduct (Lorg/oppia/android/app/model/ComparableOperation$CommutativeAccumulation$Builder;Lorg/oppia/android/app/model/MathExpression;ZZ)I
FN:123,org/oppia/android/util/math/ExpressionToComparableOperationConverter$Companion::addOperationToSum (Lorg/oppia/android/app/model/ComparableOperation$CommutativeAccumulation$Builder;Lorg/oppia/android/app/model/MathExpression;Z)V
FN:54,org/oppia/android/util/math/ExpressionToComparableOperationConverter$Companion::convertToComparableOperation (Lorg/oppia/android/app/model/MathExpression;)Lorg/oppia/android/app/model/ComparableOperation;
FN:283,org/oppia/android/util/math/ExpressionToComparableOperationConverter$Companion::createBinaryOperationComparator ()Ljava/util/Comparator;
FN:264,org/oppia/android/util/math/ExpressionToComparableOperationConverter$Companion::createCommutativeAccumulationComparator ()Ljava/util/Comparator;
FN:248,org/oppia/android/util/math/ExpressionToComparableOperationConverter$Companion::createComparableOperationComparator ()Ljava/util/Comparator;
FN:273,org/oppia/android/util/math/ExpressionToComparableOperationConverter$Companion::createNonCommutativeOperationComparator ()Ljava/util/Comparator;
FN:37,org/oppia/android/util/math/ExpressionToComparableOperationConverter$Companion::getCOMPARABLE_OPERATION_COMPARATOR ()Ljava/util/Comparator;
FN:239,org/oppia/android/util/math/ExpressionToComparableOperationConverter$Companion::invertInverted (Lorg/oppia/android/app/model/ComparableOperation;)Lorg/oppia/android/app/model/ComparableOperation;
FN:236,org/oppia/android/util/math/ExpressionToComparableOperationConverter$Companion::invertNegation (Lorg/oppia/android/app/model/ComparableOperation;)Lorg/oppia/android/app/model/ComparableOperation;
FN:233,org/oppia/android/util/math/ExpressionToComparableOperationConverter$Companion::makePositive (Lorg/oppia/android/app/model/ComparableOperation;)Lorg/oppia/android/app/model/ComparableOperation;
FN:210,org/oppia/android/util/math/ExpressionToComparableOperationConverter$Companion::sort (Lorg/oppia/android/app/model/ComparableOperation$CommutativeAccumulation$Builder;)V
FN:220,org/oppia/android/util/math/ExpressionToComparableOperationConverter$Companion::toNonCommutativeOperation (Lorg/oppia/android/app/model/MathExpression;Lkotlin/jvm/functions/Function2;)Lorg/oppia/android/app/model/ComparableOperation;
FN:103,org/oppia/android/util/math/ExpressionToComparableOperationConverter$Companion::toProduct (Lorg/oppia/android/app/model/MathExpression;Z)Lorg/oppia/android/app/model/ComparableOperation;
FN:92,org/oppia/android/util/math/ExpressionToComparableOperationConverter$Companion::toSummation (Lorg/oppia/android/app/model/MathExpression;Z)Lorg/oppia/android/app/model/ComparableOperation;
FN:37,org/oppia/android/util/math/ExpressionToComparableOperationConverter::<clinit> ()V
FNDA:0,org/oppia/android/util/math/ExpressionToComparableOperationConverter$Companion$COMPARABLE_OPERATION_COMPARATOR$2::invoke ()Ljava/util/Comparator;
FNDA:0,org/oppia/android/util/math/ExpressionToComparableOperationConverter$Companion::addOperationToProduct (Lorg/oppia/android/app/model/ComparableOperation$CommutativeAccumulation$Builder;Lorg/oppia/android/app/model/MathExpression;ZZ)I
FNDA:0,org/oppia/android/util/math/ExpressionToComparableOperationConverter$Companion::addOperationToSum (Lorg/oppia/android/app/model/ComparableOperation$CommutativeAccumulation$Builder;Lorg/oppia/android/app/model/MathExpression;Z)V
FNDA:0,org/oppia/android/util/math/ExpressionToComparableOperationConverter$Companion::convertToComparableOperation (Lorg/oppia/android/app/model/MathExpression;)Lorg/oppia/android/app/model/ComparableOperation;
FNDA:0,org/oppia/android/util/math/ExpressionToComparableOperationConverter$Companion::createBinaryOperationComparator ()Ljava/util/Comparator;
FNDA:0,org/oppia/android/util/math/ExpressionToComparableOperationConverter$Companion::createCommutativeAccumulationComparator ()Ljava/util/Comparator;
FNDA:0,org/oppia/android/util/math/ExpressionToComparableOperationConverter$Companion::createComparableOperationComparator ()Ljava/util/Comparator;
FNDA:0,org/oppia/android/util/math/ExpressionToComparableOperationConverter$Companion::createNonCommutativeOperationComparator ()Ljava/util/Comparator;
FNDA:0,org/oppia/android/util/math/ExpressionToComparableOperationConverter$Companion::getCOMPARABLE_OPERATION_COMPARATOR ()Ljava/util/Comparator;
FNDA:0,org/oppia/android/util/math/ExpressionToComparableOperationConverter$Companion::invertInverted (Lorg/oppia/android/app/model/ComparableOperation;)Lorg/oppia/android/app/model/ComparableOperation;
FNDA:0,org/oppia/android/util/math/ExpressionToComparableOperationConverter$Companion::invertNegation (Lorg/oppia/android/app/model/ComparableOperation;)Lorg/oppia/android/app/model/ComparableOperation;
FNDA:0,org/oppia/android/util/math/ExpressionToComparableOperationConverter$Companion::makePositive (Lorg/oppia/android/app/model/ComparableOperation;)Lorg/oppia/android/app/model/ComparableOperation;
FNDA:0,org/oppia/android/util/math/ExpressionToComparableOperationConverter$Companion::sort (Lorg/oppia/android/app/model/ComparableOperation$CommutativeAccumulation$Builder;)V
FNDA:0,org/oppia/android/util/math/ExpressionToComparableOperationConverter$Companion::toNonCommutativeOperation (Lorg/oppia/android/app/model/MathExpression;Lkotlin/jvm/functions/Function2;)Lorg/oppia/android/app/model/ComparableOperation;
FNDA:0,org/oppia/android/util/math/ExpressionToComparableOperationConverter$Companion::toProduct (Lorg/oppia/android/app/model/MathExpression;Z)Lorg/oppia/android/app/model/ComparableOperation;
FNDA:0,org/oppia/android/util/math/ExpressionToComparableOperationConverter$Companion::toSummation (Lorg/oppia/android/app/model/MathExpression;Z)Lorg/oppia/android/app/model/ComparableOperation;
FNDA:0,org/oppia/android/util/math/ExpressionToComparableOperationConverter::<clinit> ()V
FNF:17
FNH:0
DA:37,0
DA:54,0
DA:55,0
DA:56,0
DA:57,0
DA:58,0
DA:59,0
DA:60,0
DA:61,0
DA:62,0
DA:63,0
DA:64,0
DA:65,0
DA:67,0
DA:69,0
DA:71,0
DA:72,0
DA:73,0
DA:75,0
DA:77,0
DA:78,0
DA:79,0
DA:80,0
DA:81,0
DA:82,0
DA:84,0
DA:86,0
DA:87,0
DA:92,0
DA:93,0
DA:94,0
DA:95,0
DA:96,0
DA:97,0
DA:98,0
DA:99,0
DA:103,0
DA:104,0
DA:105,0
DA:106,0
DA:107,0
DA:108,0
DA:109,0
DA:110,0
DA:113,0
DA:114,0
DA:115,0
DA:116,0
DA:123,0
DA:124,0
DA:126,0
DA:127,0
DA:129,0
DA:132,0
DA:133,0
DA:135,0
DA:136,0
DA:138,0
DA:139,0
DA:141,0
DA:142,0
DA:143,0
DA:144,0
DA:146,0
DA:165,0
DA:166,0
DA:169,0
DA:170,0
DA:171,0
DA:172,0
DA:175,0
DA:178,0
DA:179,0
DA:180,0
DA:181,0
DA:184,0
DA:185,0
DA:187,0
DA:188,0
DA:190,0
DA:191,0
DA:193,0
DA:194,0
DA:195,0
DA:196,0
DA:197,0
DA:198,0
DA:199,0
DA:200,0
DA:201,0
DA:210,0
DA:211,0
DA:212,0
DA:213,0
DA:220,0
DA:221,0
DA:222,0
DA:223,0
DA:224,0
DA:225,0
DA:226,0
DA:228,0
DA:229,0
DA:233,0
DA:236,0
DA:239,0
DA:248,0
DA:249,0
DA:250,0
DA:251,0
DA:254,0
DA:257,0
DA:260,0
DA:264,0
DA:265,0
DA:273,0
DA:274,0
DA:276,0
DA:283,0
DA:284,0
DA:286,0
LH:0
LF:121
end_of_record
SF:utility/src/main/java/org/oppia/android/util/math/ExpressionToLatexConverter.kt
FN:103,org/oppia/android/util/math/ExpressionToLatexConverter$Companion::convertToLatex (Lorg/oppia/android/app/model/MathEquation;Z)Ljava/lang/String;
FN:53,org/oppia/android/util/math/ExpressionToLatexConverter$Companion::convertToLatex (Lorg/oppia/android/app/model/MathExpression;Z)Ljava/lang/String;
FNDA:0,org/oppia/android/util/math/ExpressionToLatexConverter$Companion::convertToLatex (Lorg/oppia/android/app/model/MathEquation;Z)Ljava/lang/String;
FNDA:0,org/oppia/android/util/math/ExpressionToLatexConverter$Companion::convertToLatex (Lorg/oppia/android/app/model/MathExpression;Z)Ljava/lang/String;
FNF:2
FNH:0
DA:53,0
DA:54,0
DA:55,0
DA:57,0
DA:58,0
DA:59,0
DA:60,0
DA:61,0
DA:62,0
DA:63,0
DA:64,0
DA:65,0
DA:66,0
DA:67,0
DA:68,0
DA:71,0
DA:75,0
DA:76,0
DA:77,0
DA:78,0
DA:80,0
DA:84,0
DA:85,0
DA:86,0
DA:88,0
DA:91,0
DA:92,0
DA:103,0
DA:104,0
DA:105,0
LH:0
LF:30
end_of_record
SF:utility/src/main/java/org/oppia/android/util/math/ExpressionToPolynomialConverter.kt
FN:162,org/oppia/android/util/math/ExpressionToPolynomialConverter$Companion::createConstantPolynomial (Lorg/oppia/android/app/model/Real;)Lorg/oppia/android/app/model/Polynomial;
FN:165,org/oppia/android/util/math/ExpressionToPolynomialConverter$Companion::createSingleTermPolynomial (Lorg/oppia/android/app/model/Polynomial$Term;)Lorg/oppia/android/app/model/Polynomial;
FN:148,org/oppia/android/util/math/ExpressionToPolynomialConverter$Companion::createSingleVariablePolynomial (Ljava/lang/String;)Lorg/oppia/android/app/model/Polynomial;
FN:127,org/oppia/android/util/math/ExpressionToPolynomialConverter$Companion::reduceToPolynomial (Lorg/oppia/android/app/model/MathBinaryOperation;)Lorg/oppia/android/app/model/Polynomial;
FN:75,org/oppia/android/util/math/ExpressionToPolynomialConverter$Companion::reduceToPolynomial (Lorg/oppia/android/app/model/MathExpression;)Lorg/oppia/android/app/model/Polynomial;
FN:140,org/oppia/android/util/math/ExpressionToPolynomialConverter$Companion::reduceToPolynomial (Lorg/oppia/android/app/model/MathUnaryOperation;)Lorg/oppia/android/app/model/Polynomial;
FN:116,org/oppia/android/util/math/ExpressionToPolynomialConverter$Companion::reduceToPolynomialAux (Lorg/oppia/android/app/model/MathExpression;)Lorg/oppia/android/app/model/Polynomial;
FN:83,org/oppia/android/util/math/ExpressionToPolynomialConverter$Companion::replaceSquareRoots (Lorg/oppia/android/app/model/MathExpression;)Lorg/oppia/android/app/model/MathExpression;
FNDA:0,org/oppia/android/util/math/ExpressionToPolynomialConverter$Companion::createConstantPolynomial (Lorg/oppia/android/app/model/Real;)Lorg/oppia/android/app/model/Polynomial;
FNDA:0,org/oppia/android/util/math/ExpressionToPolynomialConverter$Companion::createSingleTermPolynomial (Lorg/oppia/android/app/model/Polynomial$Term;)Lorg/oppia/android/app/model/Polynomial;
FNDA:0,org/oppia/android/util/math/ExpressionToPolynomialConverter$Companion::createSingleVariablePolynomial (Ljava/lang/String;)Lorg/oppia/android/app/model/Polynomial;
FNDA:0,org/oppia/android/util/math/ExpressionToPolynomialConverter$Companion::reduceToPolynomial (Lorg/oppia/android/app/model/MathBinaryOperation;)Lorg/oppia/android/app/model/Polynomial;
FNDA:0,org/oppia/android/util/math/ExpressionToPolynomialConverter$Companion::reduceToPolynomial (Lorg/oppia/android/app/model/MathExpression;)Lorg/oppia/android/app/model/Polynomial;
FNDA:0,org/oppia/android/util/math/ExpressionToPolynomialConverter$Companion::reduceToPolynomial (Lorg/oppia/android/app/model/MathUnaryOperation;)Lorg/oppia/android/app/model/Polynomial;
FNDA:0,org/oppia/android/util/math/ExpressionToPolynomialConverter$Companion::reduceToPolynomialAux (Lorg/oppia/android/app/model/MathExpression;)Lorg/oppia/android/app/model/Polynomial;
FNDA:0,org/oppia/android/util/math/ExpressionToPolynomialConverter$Companion::replaceSquareRoots (Lorg/oppia/android/app/model/MathExpression;)Lorg/oppia/android/app/model/MathExpression;
FNF:8
FNH:0
DA:75,0
DA:76,0
DA:77,0
DA:78,0
DA:79,0
DA:83,0
DA:84,0
DA:85,0
DA:86,0
DA:87,0
DA:88,0
DA:89,0
DA:90,0
DA:91,0
DA:92,0
DA:93,0
DA:94,0
DA:95,0
DA:96,0
DA:99,0
DA:100,0
DA:101,0
DA:102,0
DA:103,0
DA:104,0
DA:105,0
DA:106,0
DA:107,0
DA:110,0
DA:111,0
DA:116,0
DA:117,0
DA:118,0
DA:119,0
DA:120,0
DA:122,0
DA:127,0
DA:128,0
DA:129,0
DA:130,0
DA:131,0
DA:132,0
DA:133,0
DA:134,0
DA:135,0
DA:140,0
DA:141,0
DA:142,0
DA:143,0
DA:148,0
DA:149,0
DA:150,0
DA:151,0
DA:152,0
DA:153,0
DA:154,0
DA:155,0
DA:157,0
DA:162,0
DA:165,0
LH:0
LF:60
end_of_record
SF:utility/src/main/java/org/oppia/android/util/math/FloatExtensions.kt
FN:36,org/oppia/android/util/math/FloatExtensionsKt::isApproximatelyEqualTo (DD)Z
FN:28,org/oppia/android/util/math/FloatExtensionsKt::isApproximatelyEqualTo (FF)Z
FN:43,org/oppia/android/util/math/FloatExtensionsKt::toPlainString (D)Ljava/lang/String;
FNDA:1,org/oppia/android/util/math/FloatExtensionsKt::isApproximatelyEqualTo (DD)Z
FNDA:0,org/oppia/android/util/math/FloatExtensionsKt::isApproximatelyEqualTo (FF)Z
FNDA:0,org/oppia/android/util/math/FloatExtensionsKt::toPlainString (D)Ljava/lang/String;
FNF:3
FNH:1
BRDA:28,0,0,-
BRDA:28,0,1,-
BRDA:36,0,0,1
BRDA:36,0,1,0
BRF:4
BRH:1
DA:28,0
DA:36,1
DA:43,0
LH:1
LF:3
end_of_record
SF:utility/src/main/java/org/oppia/android/util/math/FractionExtensions.kt
FN:190,org/oppia/android/util/math/FractionExtensionsKt::div (Lorg/oppia/android/app/model/Fraction;Lorg/oppia/android/app/model/Fraction;)Lorg/oppia/android/app/model/Fraction;
FN:243,org/oppia/android/util/math/FractionExtensionsKt::gcd (II)I
FN:9,org/oppia/android/util/math/FractionExtensionsKt::hasFractionalPart (Lorg/oppia/android/app/model/Fraction;)Z
FN:19,org/oppia/android/util/math/FractionExtensionsKt::isOnlyWholeNumber (Lorg/oppia/android/app/model/Fraction;)Z
FN:249,org/oppia/android/util/math/FractionExtensionsKt::lcm (II)I
FN:165,org/oppia/android/util/math/FractionExtensionsKt::minus (Lorg/oppia/android/app/model/Fraction;Lorg/oppia/android/app/model/Fraction;)Lorg/oppia/android/app/model/Fraction;
FN:128,org/oppia/android/util/math/FractionExtensionsKt::plus (Lorg/oppia/android/app/model/Fraction;Lorg/oppia/android/app/model/Fraction;)Lorg/oppia/android/app/model/Fraction;
FN:212,org/oppia/android/util/math/FractionExtensionsKt::pow (Lorg/oppia/android/app/model/Fraction;I)Lorg/oppia/android/app/model/Fraction;
FN:171,org/oppia/android/util/math/FractionExtensionsKt::times (Lorg/oppia/android/app/model/Fraction;Lorg/oppia/android/app/model/Fraction;)Lorg/oppia/android/app/model/Fraction;
FN:44,org/oppia/android/util/math/FractionExtensionsKt::toAnswerString (Lorg/oppia/android/app/model/Fraction;)Ljava/lang/String;
FN:34,org/oppia/android/util/math/FractionExtensionsKt::toDouble (Lorg/oppia/android/app/model/Fraction;)D
FN:103,org/oppia/android/util/math/FractionExtensionsKt::toImproperForm (Lorg/oppia/android/app/model/Fraction;)Lorg/oppia/android/app/model/Fraction;
FN:112,org/oppia/android/util/math/FractionExtensionsKt::toInvertedImproperForm (Lorg/oppia/android/app/model/Fraction;)Lorg/oppia/android/app/model/Fraction;
FN:90,org/oppia/android/util/math/FractionExtensionsKt::toProperForm (Lorg/oppia/android/app/model/Fraction;)Lorg/oppia/android/app/model/Fraction;
FN:75,org/oppia/android/util/math/FractionExtensionsKt::toSimplestForm (Lorg/oppia/android/app/model/Fraction;)Lorg/oppia/android/app/model/Fraction;
FN:26,org/oppia/android/util/math/FractionExtensionsKt::toWholeNumber (Lorg/oppia/android/app/model/Fraction;)I
FN:232,org/oppia/android/util/math/FractionExtensionsKt::toWholeNumberFraction (I)Lorg/oppia/android/app/model/Fraction;
FN:122,org/oppia/android/util/math/FractionExtensionsKt::unaryMinus (Lorg/oppia/android/app/model/Fraction;)Lorg/oppia/android/app/model/Fraction;
FNDA:0,org/oppia/android/util/math/FractionExtensionsKt::div (Lorg/oppia/android/app/model/Fraction;Lorg/oppia/android/app/model/Fraction;)Lorg/oppia/android/app/model/Fraction;
FNDA:0,org/oppia/android/util/math/FractionExtensionsKt::gcd (II)I
FNDA:0,org/oppia/android/util/math/FractionExtensionsKt::hasFractionalPart (Lorg/oppia/android/app/model/Fraction;)Z
FNDA:0,org/oppia/android/util/math/FractionExtensionsKt::isOnlyWholeNumber (Lorg/oppia/android/app/model/Fraction;)Z
FNDA:0,org/oppia/android/util/math/FractionExtensionsKt::lcm (II)I
FNDA:0,org/oppia/android/util/math/FractionExtensionsKt::minus (Lorg/oppia/android/app/model/Fraction;Lorg/oppia/android/app/model/Fraction;)Lorg/oppia/android/app/model/Fraction;
FNDA:0,org/oppia/android/util/math/FractionExtensionsKt::plus (Lorg/oppia/android/app/model/Fraction;Lorg/oppia/android/app/model/Fraction;)Lorg/oppia/android/app/model/Fraction;
FNDA:0,org/oppia/android/util/math/FractionExtensionsKt::pow (Lorg/oppia/android/app/model/Fraction;I)Lorg/oppia/android/app/model/Fraction;
FNDA:0,org/oppia/android/util/math/FractionExtensionsKt::times (Lorg/oppia/android/app/model/Fraction;Lorg/oppia/android/app/model/Fraction;)Lorg/oppia/android/app/model/Fraction;
FNDA:0,org/oppia/android/util/math/FractionExtensionsKt::toAnswerString (Lorg/oppia/android/app/model/Fraction;)Ljava/lang/String;
FNDA:0,org/oppia/android/util/math/FractionExtensionsKt::toDouble (Lorg/oppia/android/app/model/Fraction;)D
FNDA:0,org/oppia/android/util/math/FractionExtensionsKt::toImproperForm (Lorg/oppia/android/app/model/Fraction;)Lorg/oppia/android/app/model/Fraction;
FNDA:0,org/oppia/android/util/math/FractionExtensionsKt::toInvertedImproperForm (Lorg/oppia/android/app/model/Fraction;)Lorg/oppia/android/app/model/Fraction;
FNDA:0,org/oppia/android/util/math/FractionExtensionsKt::toProperForm (Lorg/oppia/android/app/model/Fraction;)Lorg/oppia/android/app/model/Fraction;
FNDA:0,org/oppia/android/util/math/FractionExtensionsKt::toSimplestForm (Lorg/oppia/android/app/model/Fraction;)Lorg/oppia/android/app/model/Fraction;
FNDA:0,org/oppia/android/util/math/FractionExtensionsKt::toWholeNumber (Lorg/oppia/android/app/model/Fraction;)I
FNDA:0,org/oppia/android/util/math/FractionExtensionsKt::toWholeNumberFraction (I)Lorg/oppia/android/app/model/Fraction;
FNDA:0,org/oppia/android/util/math/FractionExtensionsKt::unaryMinus (Lorg/oppia/android/app/model/Fraction;)Lorg/oppia/android/app/model/Fraction;
FNF:18
FNH:0
DA:9,0
DA:19,0
DA:26,0
DA:34,0
DA:35,0
DA:36,0
DA:44,0
DA:46,0
DA:47,0
DA:48,0
DA:50,0
DA:52,0
DA:53,0
DA:54,0
DA:60,0
DA:61,0
DA:63,0
DA:75,0
DA:76,0
DA:77,0
DA:78,0
DA:79,0
DA:90,0
DA:91,0
DA:92,0
DA:93,0
DA:94,0
DA:103,0
DA:104,0
DA:105,0
DA:106,0
DA:107,0
DA:112,0
DA:113,0
DA:114,0
DA:115,0
DA:116,0
DA:122,0
DA:128,0
DA:129,0
DA:132,0
DA:133,0
DA:134,0
DA:135,0
DA:136,0
DA:140,0
DA:141,0
DA:142,0
DA:143,0
DA:144,0
DA:145,0
DA:146,0
DA:147,0
DA:148,0
DA:149,0
DA:153,0
DA:154,0
DA:155,0
DA:156,0
DA:157,0
DA:165,0
DA:171,0
DA:172,0
DA:175,0
DA:176,0
DA:179,0
DA:180,0
DA:181,0
DA:182,0
DA:183,0
DA:184,0
DA:190,0
DA:212,0
DA:213,0
DA:214,0
DA:215,0
DA:216,0
DA:217,0
DA:219,0
DA:221,0
DA:223,0
DA:224,0
DA:225,0
DA:232,0
DA:233,0
DA:234,0
DA:235,0
DA:236,0
DA:237,0
DA:238,0
DA:243,0
DA:249,0
LH:0
LF:92
end_of_record
SF:utility/src/main/java/org/oppia/android/util/math/MathExpressionExtensions.kt
FN:41,org/oppia/android/util/math/MathExpressionExtensionsKt::evaluateAsNumericExpression (Lorg/oppia/android/app/model/MathExpression;)Lorg/oppia/android/app/model/Real;
FN:93,org/oppia/android/util/math/MathExpressionExtensionsKt::isApproximatelyEqualTo (Lorg/oppia/android/app/model/MathExpression;Lorg/oppia/android/app/model/MathExpression;)Z
FN:116,org/oppia/android/util/math/MathExpressionExtensionsKt::isSingleTerm (Lorg/oppia/android/app/model/MathExpression;)Z
FN:64,org/oppia/android/util/math/MathExpressionExtensionsKt::stripRedundantGroups (Lorg/oppia/android/app/model/MathExpression;)Lorg/oppia/android/app/model/MathExpression;
FN:48,org/oppia/android/util/math/MathExpressionExtensionsKt::toComparableOperation (Lorg/oppia/android/app/model/MathExpression;)Lorg/oppia/android/app/model/ComparableOperation;
FN:55,org/oppia/android/util/math/MathExpressionExtensionsKt::toPolynomial (Lorg/oppia/android/app/model/MathExpression;)Lorg/oppia/android/app/model/Polynomial;
FN:34,org/oppia/android/util/math/MathExpressionExtensionsKt::toRawLatex (Lorg/oppia/android/app/model/MathEquation;Z)Ljava/lang/String;
FN:26,org/oppia/android/util/math/MathExpressionExtensionsKt::toRawLatex (Lorg/oppia/android/app/model/MathExpression;Z)Ljava/lang/String;
FNDA:0,org/oppia/android/util/math/MathExpressionExtensionsKt::evaluateAsNumericExpression (Lorg/oppia/android/app/model/MathExpression;)Lorg/oppia/android/app/model/Real;
FNDA:0,org/oppia/android/util/math/MathExpressionExtensionsKt::isApproximatelyEqualTo (Lorg/oppia/android/app/model/MathExpression;Lorg/oppia/android/app/model/MathExpression;)Z
FNDA:0,org/oppia/android/util/math/MathExpressionExtensionsKt::isSingleTerm (Lorg/oppia/android/app/model/MathExpression;)Z
FNDA:0,org/oppia/android/util/math/MathExpressionExtensionsKt::stripRedundantGroups (Lorg/oppia/android/app/model/MathExpression;)Lorg/oppia/android/app/model/MathExpression;
FNDA:0,org/oppia/android/util/math/MathExpressionExtensionsKt::toComparableOperation (Lorg/oppia/android/app/model/MathExpression;)Lorg/oppia/android/app/model/ComparableOperation;
FNDA:0,org/oppia/android/util/math/MathExpressionExtensionsKt::toPolynomial (Lorg/oppia/android/app/model/MathExpression;)Lorg/oppia/android/app/model/Polynomial;
FNDA:0,org/oppia/android/util/math/MathExpressionExtensionsKt::toRawLatex (Lorg/oppia/android/app/model/MathEquation;Z)Ljava/lang/String;
FNDA:0,org/oppia/android/util/math/MathExpressionExtensionsKt::toRawLatex (Lorg/oppia/android/app/model/MathExpression;Z)Ljava/lang/String;
FNF:8
FNH:0
DA:26,0
DA:34,0
DA:41,0
DA:48,0
DA:55,0
DA:64,0
DA:65,0
DA:66,0
DA:67,0
DA:68,0
DA:69,0
DA:70,0
DA:71,0
DA:72,0
DA:73,0
DA:74,0
DA:75,0
DA:76,0
DA:77,0
DA:78,0
DA:79,0
DA:80,0
DA:81,0
DA:82,0
DA:93,0
DA:94,0
DA:95,0
DA:96,0
DA:98,0
DA:99,0
DA:100,0
DA:103,0
DA:104,0
DA:107,0
DA:108,0
DA:110,0
DA:111,0
DA:116,0
DA:117,0
DA:118,0
LH:0
LF:40
end_of_record
SF:utility/src/main/java/org/oppia/android/util/math/MathExpressionParser.kt
FN:1016,org/oppia/android/util/math/MathExpressionParser$Companion$BinaryOperationRhs$computeBinaryOperationExpression$1::invoke (Lorg/oppia/android/app/model/MathExpression;Lorg/oppia/android/app/model/MathExpression;)Lorg/oppia/android/app/model/MathExpression;
FN:1002,org/oppia/android/util/math/MathExpressionParser$Companion$BinaryOperationRhs::<init> (Lorg/oppia/android/app/model/MathBinaryOperation$Operator;Lorg/oppia/android/util/math/MathExpressionParser$Companion$MathParsingResult;Z)V
FN:1002,org/oppia/android/util/math/MathExpressionParser$Companion$BinaryOperationRhs::<init> (Lorg/oppia/android/app/model/MathBinaryOperation$Operator;Lorg/oppia/android/util/math/MathExpressionParser$Companion$MathParsingResult;ZILkotlin/jvm/internal/DefaultConstructorMarker;)V
FN:1015,org/oppia/android/util/math/MathExpressionParser$Companion$BinaryOperationRhs::computeBinaryOperationExpression (Lorg/oppia/android/util/math/MathExpressionParser$Companion$MathParsingResult;)Lorg/oppia/android/util/math/MathExpressionParser$Companion$MathParsingResult;
FN:1003,org/oppia/android/util/math/MathExpressionParser$Companion$BinaryOperationRhs::getOperator ()Lorg/oppia/android/app/model/MathBinaryOperation$Operator;
FN:1004,org/oppia/android/util/math/MathExpressionParser$Companion$BinaryOperationRhs::getRhsResult ()Lorg/oppia/android/util/math/MathExpressionParser$Companion$MathParsingResult;
FN:1005,org/oppia/android/util/math/MathExpressionParser$Companion$BinaryOperationRhs::isImplicit ()Z
FN:777,org/oppia/android/util/math/MathExpressionParser$Companion$ErrorCheckingMode::<clinit> ()V
FN:798,org/oppia/android/util/math/MathExpressionParser$Companion$MathParsingResult$Failure::<init> (Lorg/oppia/android/util/math/MathParsingError;)V
FN:798,org/oppia/android/util/math/MathExpressionParser$Companion$MathParsingResult$Failure::getError ()Lorg/oppia/android/util/math/MathParsingError;
FN:795,org/oppia/android/util/math/MathExpressionParser$Companion$MathParsingResult$Success::<init> (Ljava/lang/Object;)V
FN:795,org/oppia/android/util/math/MathExpressionParser$Companion$MathParsingResult$Success::getResult ()Ljava/lang/Object;
FN:949,org/oppia/android/util/math/MathExpressionParser$Companion$also$1::invoke (Ljava/lang/Object;)Lorg/oppia/android/util/math/MathExpressionParser$Companion$MathParsingResult;
FN:972,org/oppia/android/util/math/MathExpressionParser$Companion$combineWith$1$1::invoke (Ljava/lang/Object;)Ljava/lang/Object;
FN:971,org/oppia/android/util/math/MathExpressionParser$Companion$combineWith$1::invoke (Ljava/lang/Object;)Lorg/oppia/android/util/math/MathExpressionParser$Companion$MathParsingResult;
FN:989,org/oppia/android/util/math/MathExpressionParser$Companion$combineWith$2$1$1::invoke (Ljava/lang/Object;)Ljava/lang/Object;
FN:988,org/oppia/android/util/math/MathExpressionParser$Companion$combineWith$2$1::invoke (Ljava/lang/Object;)Lorg/oppia/android/util/math/MathExpressionParser$Companion$MathParsingResult;
FN:987,org/oppia/android/util/math/MathExpressionParser$Companion$combineWith$2::invoke (Ljava/lang/Object;)Lorg/oppia/android/util/math/MathExpressionParser$Companion$MathParsingResult;
FN:898,org/oppia/android/util/math/MathExpressionParser$Companion$map$1::invoke (Ljava/lang/Object;)Lorg/oppia/android/util/math/MathExpressionParser$Companion$MathParsingResult;
FN:932,org/oppia/android/util/math/MathExpressionParser$Companion$maybeFail$1::invoke (Ljava/lang/Object;)Lorg/oppia/android/util/math/MathExpressionParser$Companion$MathParsingResult;
FN:858,org/oppia/android/util/math/MathExpressionParser$Companion$parseAlgebraicEquation$1::invoke (Lorg/oppia/android/app/model/MathEquation;)Lorg/oppia/android/app/model/MathEquation;
FN:837,org/oppia/android/util/math/MathExpressionParser$Companion$parseAlgebraicExpression$1::invoke (Lorg/oppia/android/app/model/MathExpression;)Lorg/oppia/android/app/model/MathExpression;
FN:816,org/oppia/android/util/math/MathExpressionParser$Companion$parseNumericExpression$1::invoke (Lorg/oppia/android/app/model/MathExpression;)Lorg/oppia/android/app/model/MathExpression;
FN:948,org/oppia/android/util/math/MathExpressionParser$Companion::also (Lorg/oppia/android/util/math/MathExpressionParser$Companion$MathParsingResult;Lkotlin/jvm/functions/Function0;)Lorg/oppia/android/util/math/MathExpressionParser$Companion$MathParsingResult;
FN:970,org/oppia/android/util/math/MathExpressionParser$Companion::combineWith (Lorg/oppia/android/util/math/MathExpressionParser$Companion$MathParsingResult;Lorg/oppia/android/util/math/MathExpressionParser$Companion$MathParsingResult;Lkotlin/jvm/functions/Function2;)Lorg/oppia/android/util/math/MathExpressionParser$Companion$MathParsingResult;
FN:986,org/oppia/android/util/math/MathExpressionParser$Companion::combineWith (Lorg/oppia/android/util/math/MathExpressionParser$Companion$MathParsingResult;Lorg/oppia/android/util/math/MathExpressionParser$Companion$MathParsingResult;Lorg/oppia/android/util/math/MathExpressionParser$Companion$MathParsingResult;Lkotlin/jvm/functions/Function3;)Lorg/oppia/android/util/math/MathExpressionParser$Companion$MathParsingResult;
FN:1195,org/oppia/android/util/math/MathExpressionParser$Companion::containsExponentiation (Lorg/oppia/android/app/model/MathExpression;)Z
FN:873,org/oppia/android/util/math/MathExpressionParser$Companion::createAlgebraicParser (Ljava/lang/String;ZLjava/util/List;Lorg/oppia/android/util/math/MathExpressionParser$Companion$ErrorCheckingMode;)Lorg/oppia/android/util/math/MathExpressionParser;
FN:865,org/oppia/android/util/math/MathExpressionParser$Companion::createNumericParser (Ljava/lang/String;Lorg/oppia/android/util/math/MathExpressionParser$Companion$ErrorCheckingMode;)Lorg/oppia/android/util/math/MathExpressionParser;
FN:1143,org/oppia/android/util/math/MathExpressionParser$Companion::findAllDisallowedVariables (Lorg/oppia/android/app/model/MathExpression;Lorg/oppia/android/util/math/MathExpressionParser$ParseContext;)Ljava/util/Set;
FN:1151,org/oppia/android/util/math/MathExpressionParser$Companion::findAllDisallowedVariablesAux (Lorg/oppia/android/app/model/MathExpression;Lorg/oppia/android/util/math/MathExpressionParser$ParseContext$AlgebraicExpressionContext;)Ljava/util/Set;
FN:1031,org/oppia/android/util/math/MathExpressionParser$Companion::findFirstMultiRedundantGroup (Lorg/oppia/android/app/model/MathExpression;)Lorg/oppia/android/app/model/MathExpression;
FN:1125,org/oppia/android/util/math/MathExpressionParser$Companion::findNextDivisionByZero (Lorg/oppia/android/app/model/MathExpression;)Lorg/oppia/android/app/model/MathExpression;
FN:1092,org/oppia/android/util/math/MathExpressionParser$Companion::findNextExponentiationWithTooLargePower (Lorg/oppia/android/app/model/MathExpression;)Lorg/oppia/android/app/model/MathExpression;
FN:1076,org/oppia/android/util/math/MathExpressionParser$Companion::findNextExponentiationWithVariablePower (Lorg/oppia/android/app/model/MathExpression;)Lorg/oppia/android/app/model/MathExpression;
FN:1109,org/oppia/android/util/math/MathExpressionParser$Companion::findNextNestedExponentiation (Lorg/oppia/android/app/model/MathExpression;)Lorg/oppia/android/app/model/MathExpression;
FN:1046,org/oppia/android/util/math/MathExpressionParser$Companion::findNextRedundantGroup (Lorg/oppia/android/app/model/MathExpression;)Lorg/oppia/android/app/model/MathExpression;
FN:1061,org/oppia/android/util/math/MathExpressionParser$Companion::findNextRedundantUnaryOperation (Lorg/oppia/android/app/model/MathExpression;)Lorg/oppia/android/app/model/MathExpression;
FN:1165,org/oppia/android/util/math/MathExpressionParser$Companion::findNextUnaryPlus (Lorg/oppia/android/app/model/MathExpression;)Lorg/oppia/android/app/model/MathExpression;
FN:913,org/oppia/android/util/math/MathExpressionParser$Companion::flatMap (Lorg/oppia/android/util/math/MathExpressionParser$Companion$MathParsingResult;Lkotlin/jvm/functions/Function1;)Lorg/oppia/android/util/math/MathExpressionParser$Companion$MathParsingResult;
FN:880,org/oppia/android/util/math/MathExpressionParser$Companion::includesOptionalErrors (Lorg/oppia/android/util/math/MathExpressionParser$Companion$ErrorCheckingMode;)Z
FN:885,org/oppia/android/util/math/MathExpressionParser$Companion::isFailure (Lorg/oppia/android/util/math/MathExpressionParser$Companion$MathParsingResult;)Z
FN:1181,org/oppia/android/util/math/MathExpressionParser$Companion::isVariableExpression (Lorg/oppia/android/app/model/MathExpression;)Z
FN:898,org/oppia/android/util/math/MathExpressionParser$Companion::map (Lorg/oppia/android/util/math/MathExpressionParser$Companion$MathParsingResult;Lkotlin/jvm/functions/Function1;)Lorg/oppia/android/util/math/MathExpressionParser$Companion$MathParsingResult;
FN:932,org/oppia/android/util/math/MathExpressionParser$Companion::maybeFail (Lorg/oppia/android/util/math/MathExpressionParser$Companion$MathParsingResult;Lkotlin/jvm/functions/Function1;)Lorg/oppia/android/util/math/MathExpressionParser$Companion$MathParsingResult;
FN:856,org/oppia/android/util/math/MathExpressionParser$Companion::parseAlgebraicEquation (Ljava/lang/String;Ljava/util/List;Lorg/oppia/android/util/math/MathExpressionParser$Companion$ErrorCheckingMode;)Lorg/oppia/android/util/math/MathExpressionParser$Companion$MathParsingResult;
FN:851,org/oppia/android/util/math/MathExpressionParser$Companion::parseAlgebraicEquation$default (Lorg/oppia/android/util/math/MathExpressionParser$Companion;Ljava/lang/String;Ljava/util/List;Lorg/oppia/android/util/math/MathExpressionParser$Companion$ErrorCheckingMode;ILjava/lang/Object;)Lorg/oppia/android/util/math/MathExpressionParser$Companion$MathParsingResult;
FN:835,org/oppia/android/util/math/MathExpressionParser$Companion::parseAlgebraicExpression (Ljava/lang/String;Ljava/util/List;Lorg/oppia/android/util/math/MathExpressionParser$Companion$ErrorCheckingMode;)Lorg/oppia/android/util/math/MathExpressionParser$Companion$MathParsingResult;
FN:830,org/oppia/android/util/math/MathExpressionParser$Companion::parseAlgebraicExpression$default (Lorg/oppia/android/util/math/MathExpressionParser$Companion;Ljava/lang/String;Ljava/util/List;Lorg/oppia/android/util/math/MathExpressionParser$Companion$ErrorCheckingMode;ILjava/lang/Object;)Lorg/oppia/android/util/math/MathExpressionParser$Companion$MathParsingResult;
FN:814,org/oppia/android/util/math/MathExpressionParser$Companion::parseNumericExpression (Ljava/lang/String;Lorg/oppia/android/util/math/MathExpressionParser$Companion$ErrorCheckingMode;)Lorg/oppia/android/util/math/MathExpressionParser$Companion$MathParsingResult;
FN:810,org/oppia/android/util/math/MathExpressionParser$Companion::parseNumericExpression$default (Lorg/oppia/android/util/math/MathExpressionParser$Companion;Ljava/lang/String;Lorg/oppia/android/util/math/MathExpressionParser$Companion$ErrorCheckingMode;ILjava/lang/Object;)Lorg/oppia/android/util/math/MathExpressionParser$Companion$MathParsingResult;
FN:1244,org/oppia/android/util/math/MathExpressionParser$Companion::stripParseInfo (Lorg/oppia/android/app/model/MathEquation;)Lorg/oppia/android/app/model/MathEquation;
FN:1209,org/oppia/android/util/math/MathExpressionParser$Companion::stripParseInfo (Lorg/oppia/android/app/model/MathExpression;)Lorg/oppia/android/app/model/MathExpression;
FN:883,org/oppia/android/util/math/MathExpressionParser$Companion::toFailure (Lorg/oppia/android/util/math/MathParsingError;)Lorg/oppia/android/util/math/MathExpressionParser$Companion$MathParsingResult;
FN:757,org/oppia/android/util/math/MathExpressionParser$ParseContext$AlgebraicExpressionContext::<init> (Ljava/lang/String;ZLjava/util/List;Lorg/oppia/android/util/math/MathExpressionParser$Companion$ErrorCheckingMode;)V
FN:764,org/oppia/android/util/math/MathExpressionParser$ParseContext$AlgebraicExpressionContext::allowsVariable (Ljava/lang/String;)Z
FN:761,org/oppia/android/util/math/MathExpressionParser$ParseContext$AlgebraicExpressionContext::getErrorCheckingMode ()Lorg/oppia/android/util/math/MathExpressionParser$Companion$ErrorCheckingMode;
FN:759,org/oppia/android/util/math/MathExpressionParser$ParseContext$AlgebraicExpressionContext::isPartOfEquation ()Z
FN:746,org/oppia/android/util/math/MathExpressionParser$ParseContext$NumericExpressionContext::<init> (Ljava/lang/String;Lorg/oppia/android/util/math/MathExpressionParser$Companion$ErrorCheckingMode;)V
FN:748,org/oppia/android/util/math/MathExpressionParser$ParseContext$NumericExpressionContext::getErrorCheckingMode ()Lorg/oppia/android/util/math/MathExpressionParser$Companion$ErrorCheckingMode;
FN:726,org/oppia/android/util/math/MathExpressionParser$ParseContext$consumeTokenOfType$1::invoke ()Lorg/oppia/android/util/math/MathParsingError$GenericError;
FN:728,org/oppia/android/util/math/MathExpressionParser$ParseContext$consumeTokenOfType$maybeToken$1::invoke (Lorg/oppia/android/util/math/MathTokenizer$Companion$Token;)Ljava/lang/Boolean;
FN:697,org/oppia/android/util/math/MathExpressionParser$ParseContext$tokens$2::invoke ()Lorg/oppia/android/util/math/PeekableIterator;
FN:695,org/oppia/android/util/math/MathExpressionParser$ParseContext::<init> (Ljava/lang/String;)V
FN:725,org/oppia/android/util/math/MathExpressionParser$ParseContext::consumeTokenOfType$default (Lorg/oppia/android/util/math/MathExpressionParser$ParseContext;Lkotlin/jvm/functions/Function0;ILjava/lang/Object;)Lorg/oppia/android/util/math/MathExpressionParser$Companion$MathParsingResult;
FN:742,org/oppia/android/util/math/MathExpressionParser$ParseContext::extractSubexpression (Lorg/oppia/android/app/model/MathExpression;)Ljava/lang/String;
FN:737,org/oppia/android/util/math/MathExpressionParser$ParseContext::extractSubexpression (Lorg/oppia/android/util/math/MathTokenizer$Companion$Token;)Ljava/lang/String;
FN:716,org/oppia/android/util/math/MathExpressionParser$ParseContext::getPreviousToken ()Lorg/oppia/android/util/math/MathTokenizer$Companion$Token;
FN:695,org/oppia/android/util/math/MathExpressionParser$ParseContext::getRawExpression ()Ljava/lang/String;
FN:696,org/oppia/android/util/math/MathExpressionParser$ParseContext::getTokens ()Lorg/oppia/android/util/math/PeekableIterator;
FN:705,org/oppia/android/util/math/MathExpressionParser$ParseContext::hasMoreTokens ()Z
FN:708,org/oppia/android/util/math/MathExpressionParser$ParseContext::peekToken ()Lorg/oppia/android/util/math/MathTokenizer$Companion$Token;
FN:728,org/oppia/android/util/math/MathExpressionParser$parseGenericAddExpressionRhs$$inlined$consumeTokenOfType$default$1::invoke (Lorg/oppia/android/util/math/MathTokenizer$Companion$Token;)Ljava/lang/Boolean;
FN:170,org/oppia/android/util/math/MathExpressionParser$parseGenericAddExpressionRhs$1::invoke (Lorg/oppia/android/util/math/MathTokenizer$Companion$Token$PlusSymbol;)Lorg/oppia/android/util/math/MathParsingError;
FN:174,org/oppia/android/util/math/MathExpressionParser$parseGenericAddExpressionRhs$2::invoke (Lorg/oppia/android/util/math/MathTokenizer$Companion$Token$PlusSymbol;)Lorg/oppia/android/util/math/MathExpressionParser$Companion$MathParsingResult;
FN:150,org/oppia/android/util/math/MathExpressionParser$parseGenericAddSubExpression$2::invoke (Lorg/oppia/android/util/math/MathTokenizer$Companion$Token;)Lorg/oppia/android/util/math/MathExpressionParser$Companion$BinaryOperationRhs;
FN:728,org/oppia/android/util/math/MathExpressionParser$parseGenericDivExpressionRhs$$inlined$consumeTokenOfType$default$1::invoke (Lorg/oppia/android/util/math/MathTokenizer$Companion$Token;)Ljava/lang/Boolean;
FN:248,org/oppia/android/util/math/MathExpressionParser$parseGenericDivExpressionRhs$1::invoke (Lorg/oppia/android/util/math/MathTokenizer$Companion$Token$DivideSymbol;)Lorg/oppia/android/util/math/MathParsingError;
FN:252,org/oppia/android/util/math/MathExpressionParser$parseGenericDivExpressionRhs$2::invoke (Lorg/oppia/android/util/math/MathTokenizer$Companion$Token$DivideSymbol;)Lorg/oppia/android/util/math/MathExpressionParser$Companion$MathParsingResult;
FN:130,org/oppia/android/util/math/MathExpressionParser$parseGenericEquation$1::invoke (Lorg/oppia/android/app/model/MathExpression;Lorg/oppia/android/app/model/MathExpression;)Lorg/oppia/android/app/model/MathEquation;
FN:116,org/oppia/android/util/math/MathExpressionParser$parseGenericEquation$lhsResult$1::invoke (Lorg/oppia/android/app/model/MathExpression;)Lorg/oppia/android/util/math/MathParsingError;
FN:728,org/oppia/android/util/math/MathExpressionParser$parseGenericEquation$lhsResult$2$invoke$$inlined$consumeTokenOfType$default$1::invoke (Lorg/oppia/android/util/math/MathTokenizer$Companion$Token;)Ljava/lang/Boolean;
FN:120,org/oppia/android/util/math/MathExpressionParser$parseGenericEquation$lhsResult$2::invoke ()Lorg/oppia/android/util/math/MathExpressionParser$Companion$MathParsingResult;
FN:122,org/oppia/android/util/math/MathExpressionParser$parseGenericEquation$lhsResult$3::invoke (Lorg/oppia/android/app/model/MathExpression;)Lorg/oppia/android/util/math/MathParsingError;
FN:128,org/oppia/android/util/math/MathExpressionParser$parseGenericEquation$rhsResult$1::invoke (Lorg/oppia/android/app/model/MathExpression;)Lorg/oppia/android/util/math/MathExpressionParser$Companion$MathParsingResult;
FN:90,org/oppia/android/util/math/MathExpressionParser$parseGenericEquationGrammar$1::invoke (Lorg/oppia/android/app/model/MathEquation;)Lorg/oppia/android/util/math/MathParsingError;
FN:728,org/oppia/android/util/math/MathExpressionParser$parseGenericExpExpressionTail$1$invoke$$inlined$consumeTokenOfType$default$1::invoke (Lorg/oppia/android/util/math/MathTokenizer$Companion$Token;)Ljava/lang/Boolean;
FN:296,org/oppia/android/util/math/MathExpressionParser$parseGenericExpExpressionTail$1::invoke (Lorg/oppia/android/app/model/MathExpression;)Lorg/oppia/android/util/math/MathExpressionParser$Companion$MathParsingResult;
FN:298,org/oppia/android/util/math/MathExpressionParser$parseGenericExpExpressionTail$2::invoke (Lorg/oppia/android/util/math/MathTokenizer$Companion$Token$ExponentiationSymbol;)Lorg/oppia/android/util/math/MathParsingError;
FN:304,org/oppia/android/util/math/MathExpressionParser$parseGenericExpExpressionTail$3::invoke (Lorg/oppia/android/util/math/MathTokenizer$Companion$Token$ExponentiationSymbol;)Lorg/oppia/android/util/math/MathExpressionParser$Companion$MathParsingResult;
FN:103,org/oppia/android/util/math/MathExpressionParser$parseGenericExpressionGrammar$1::invoke (Lorg/oppia/android/app/model/MathExpression;)Lorg/oppia/android/util/math/MathParsingError;
FN:728,org/oppia/android/util/math/MathExpressionParser$parseGenericFunctionExpression$$inlined$consumeTokenOfType$default$1::invoke (Lorg/oppia/android/util/math/MathTokenizer$Companion$Token;)Ljava/lang/Boolean;
FN:408,org/oppia/android/util/math/MathExpressionParser$parseGenericFunctionExpression$1::invoke (Lorg/oppia/android/util/math/MathTokenizer$Companion$Token$FunctionName;Lorg/oppia/android/app/model/MathExpression;Lorg/oppia/android/util/math/MathTokenizer$Companion$Token$RightParenthesisSymbol;)Lorg/oppia/android/app/model/MathExpression;
FN:402,org/oppia/android/util/math/MathExpressionParser$parseGenericFunctionExpression$argResult$1::invoke (Lorg/oppia/android/util/math/MathTokenizer$Companion$Token$FunctionName;)Lorg/oppia/android/util/math/MathExpressionParser$Companion$MathParsingResult;
FN:394,org/oppia/android/util/math/MathExpressionParser$parseGenericFunctionExpression$funcNameResult$1::invoke (Lorg/oppia/android/util/math/MathTokenizer$Companion$Token$FunctionName;)Lorg/oppia/android/util/math/MathParsingError;
FN:728,org/oppia/android/util/math/MathExpressionParser$parseGenericFunctionExpression$funcNameResult$2$invoke$$inlined$consumeTokenOfType$default$1::invoke (Lorg/oppia/android/util/math/MathTokenizer$Companion$Token;)Ljava/lang/Boolean;
FN:400,org/oppia/android/util/math/MathExpressionParser$parseGenericFunctionExpression$funcNameResult$2::invoke ()Lorg/oppia/android/util/math/MathExpressionParser$Companion$MathParsingResult;
FN:728,org/oppia/android/util/math/MathExpressionParser$parseGenericFunctionExpression$rightParenResult$1$invoke$$inlined$consumeTokenOfType$1::invoke (Lorg/oppia/android/util/math/MathTokenizer$Companion$Token;)Ljava/lang/Boolean;
FN:405,org/oppia/android/util/math/MathExpressionParser$parseGenericFunctionExpression$rightParenResult$1::invoke (Lorg/oppia/android/app/model/MathExpression;)Lorg/oppia/android/util/math/MathExpressionParser$Companion$MathParsingResult;
FN:728,org/oppia/android/util/math/MathExpressionParser$parseGenericGroupExpression$$inlined$consumeTokenOfType$default$1::invoke (Lorg/oppia/android/util/math/MathTokenizer$Companion$Token;)Ljava/lang/Boolean;
FN:433,org/oppia/android/util/math/MathExpressionParser$parseGenericGroupExpression$1::invoke (Lorg/oppia/android/util/math/MathTokenizer$Companion$Token$LeftParenthesisSymbol;Lorg/oppia/android/app/model/MathExpression;Lorg/oppia/android/util/math/MathTokenizer$Companion$Token$RightParenthesisSymbol;)Lorg/oppia/android/app/model/MathExpression;
FN:424,org/oppia/android/util/math/MathExpressionParser$parseGenericGroupExpression$expResult$1::invoke (Lorg/oppia/android/util/math/MathTokenizer$Companion$Token$LeftParenthesisSymbol;)Lorg/oppia/android/util/math/MathExpressionParser$Companion$MathParsingResult;
FN:728,org/oppia/android/util/math/MathExpressionParser$parseGenericGroupExpression$rightParenResult$1$invoke$$inlined$consumeTokenOfType$1::invoke (Lorg/oppia/android/util/math/MathTokenizer$Companion$Token;)Ljava/lang/Boolean;
FN:430,org/oppia/android/util/math/MathExpressionParser$parseGenericGroupExpression$rightParenResult$1::invoke (Lorg/oppia/android/app/model/MathExpression;)Lorg/oppia/android/util/math/MathExpressionParser$Companion$MathParsingResult;
FN:201,org/oppia/android/util/math/MathExpressionParser$parseGenericMultDivExpression$2::invoke (Lorg/oppia/android/util/math/MathTokenizer$Companion$Token;)Lorg/oppia/android/util/math/MathExpressionParser$Companion$BinaryOperationRhs;
FN:728,org/oppia/android/util/math/MathExpressionParser$parseGenericMultExpressionRhs$$inlined$consumeTokenOfType$default$1::invoke (Lorg/oppia/android/util/math/MathTokenizer$Companion$Token;)Ljava/lang/Boolean;
FN:235,org/oppia/android/util/math/MathExpressionParser$parseGenericMultExpressionRhs$1::invoke (Lorg/oppia/android/util/math/MathTokenizer$Companion$Token$MultiplySymbol;)Lorg/oppia/android/util/math/MathParsingError;
FN:241,org/oppia/android/util/math/MathExpressionParser$parseGenericMultExpressionRhs$2::invoke (Lorg/oppia/android/util/math/MathTokenizer$Companion$Token$MultiplySymbol;)Lorg/oppia/android/util/math/MathExpressionParser$Companion$MathParsingResult;
FN:728,org/oppia/android/util/math/MathExpressionParser$parseGenericNegatedTerm$$inlined$consumeTokenOfType$default$1::invoke (Lorg/oppia/android/util/math/MathTokenizer$Companion$Token;)Ljava/lang/Boolean;
FN:460,org/oppia/android/util/math/MathExpressionParser$parseGenericNegatedTerm$1::invoke (Lorg/oppia/android/util/math/MathTokenizer$Companion$Token$MinusSymbol;Lorg/oppia/android/app/model/MathExpression;)Lorg/oppia/android/app/model/MathExpression;
FN:458,org/oppia/android/util/math/MathExpressionParser$parseGenericNegatedTerm$expResult$1::invoke (Lorg/oppia/android/util/math/MathTokenizer$Companion$Token$MinusSymbol;)Lorg/oppia/android/util/math/MathExpressionParser$Companion$MathParsingResult;
FN:728,org/oppia/android/util/math/MathExpressionParser$parseGenericPositiveTerm$$inlined$consumeTokenOfType$default$1::invoke (Lorg/oppia/android/util/math/MathTokenizer$Companion$Token;)Ljava/lang/Boolean;
FN:476,org/oppia/android/util/math/MathExpressionParser$parseGenericPositiveTerm$1::invoke (Lorg/oppia/android/util/math/MathTokenizer$Companion$Token$PlusSymbol;Lorg/oppia/android/app/model/MathExpression;)Lorg/oppia/android/app/model/MathExpression;
FN:474,org/oppia/android/util/math/MathExpressionParser$parseGenericPositiveTerm$expResult$1::invoke (Lorg/oppia/android/util/math/MathTokenizer$Companion$Token$PlusSymbol;)Lorg/oppia/android/util/math/MathExpressionParser$Companion$MathParsingResult;
FN:728,org/oppia/android/util/math/MathExpressionParser$parseGenericRootedTerm$$inlined$consumeTokenOfType$default$1::invoke (Lorg/oppia/android/util/math/MathTokenizer$Companion$Token;)Ljava/lang/Boolean;
FN:495,org/oppia/android/util/math/MathExpressionParser$parseGenericRootedTerm$1::invoke (Lorg/oppia/android/util/math/MathTokenizer$Companion$Token$SquareRootSymbol;Lorg/oppia/android/app/model/MathExpression;)Lorg/oppia/android/app/model/MathExpression;
FN:493,org/oppia/android/util/math/MathExpressionParser$parseGenericRootedTerm$expResult$1::invoke (Lorg/oppia/android/util/math/MathTokenizer$Companion$Token$SquareRootSymbol;)Lorg/oppia/android/util/math/MathExpressionParser$Companion$MathParsingResult;
FN:491,org/oppia/android/util/math/MathExpressionParser$parseGenericRootedTerm$sqrtResult$1::invoke (Lorg/oppia/android/util/math/MathTokenizer$Companion$Token$SquareRootSymbol;)Lorg/oppia/android/util/math/MathParsingError;
FN:728,org/oppia/android/util/math/MathExpressionParser$parseGenericSubExpressionRhs$$inlined$consumeTokenOfType$default$1::invoke (Lorg/oppia/android/util/math/MathTokenizer$Companion$Token;)Ljava/lang/Boolean;
FN:181,org/oppia/android/util/math/MathExpressionParser$parseGenericSubExpressionRhs$1::invoke (Lorg/oppia/android/util/math/MathTokenizer$Companion$Token$MinusSymbol;)Lorg/oppia/android/util/math/MathParsingError;
FN:187,org/oppia/android/util/math/MathExpressionParser$parseGenericSubExpressionRhs$2::invoke (Lorg/oppia/android/util/math/MathTokenizer$Companion$Token$MinusSymbol;)Lorg/oppia/android/util/math/MathExpressionParser$Companion$MathParsingResult;
FN:728,org/oppia/android/util/math/MathExpressionParser$parseNumber$$inlined$consumeTokenOfType$default$1::invoke (Lorg/oppia/android/util/math/MathTokenizer$Companion$Token;)Ljava/lang/Boolean;
FN:728,org/oppia/android/util/math/MathExpressionParser$parseNumber$$inlined$consumeTokenOfType$default$2::invoke (Lorg/oppia/android/util/math/MathTokenizer$Companion$Token;)Ljava/lang/Boolean;
FN:511,org/oppia/android/util/math/MathExpressionParser$parseNumber$1::invoke (Lorg/oppia/android/util/math/MathTokenizer$Companion$Token$PositiveInteger;)Lorg/oppia/android/app/model/MathExpression;
FN:520,org/oppia/android/util/math/MathExpressionParser$parseNumber$2::invoke (Lorg/oppia/android/util/math/MathTokenizer$Companion$Token$PositiveRealNumber;)Lorg/oppia/android/app/model/MathExpression;
FN:728,org/oppia/android/util/math/MathExpressionParser$parseVariable$$inlined$consumeTokenOfType$default$1::invoke (Lorg/oppia/android/util/math/MathTokenizer$Companion$Token;)Ljava/lang/Boolean;
FN:550,org/oppia/android/util/math/MathExpressionParser$parseVariable$1::invoke (Lorg/oppia/android/util/math/MathTokenizer$Companion$Token$VariableName;)Lorg/oppia/android/app/model/MathExpression;
FN:539,org/oppia/android/util/math/MathExpressionParser$parseVariable$variableNameResult$1::invoke (Lorg/oppia/android/util/math/MathTokenizer$Companion$Token$VariableName;)Lorg/oppia/android/util/math/MathParsingError;
FN:86,org/oppia/android/util/math/MathExpressionParser::<init> (Lorg/oppia/android/util/math/MathExpressionParser$ParseContext;)V
FN:637,org/oppia/android/util/math/MathExpressionParser::checkForDisallowedVariables (Lorg/oppia/android/app/model/MathExpression;)Lorg/oppia/android/util/math/MathParsingError;
FN:633,org/oppia/android/util/math/MathExpressionParser::checkForDivisionByZero (Lorg/oppia/android/app/model/MathExpression;)Lorg/oppia/android/util/math/MathParsingError;
FN:619,org/oppia/android/util/math/MathExpressionParser::checkForExponentVariablePowers (Lorg/oppia/android/app/model/MathExpression;)Lorg/oppia/android/util/math/MathParsingError;
FN:593,org/oppia/android/util/math/MathExpressionParser::checkForFirstRedundantGroupError (Lorg/oppia/android/app/model/MathExpression;)Lorg/oppia/android/util/math/MathParsingError;
FN:576,org/oppia/android/util/math/MathExpressionParser::checkForLearnerErrors (Lorg/oppia/android/app/model/MathExpression;)Lorg/oppia/android/util/math/MathParsingError;
FN:629,org/oppia/android/util/math/MathExpressionParser::checkForNestedExponentiations (Lorg/oppia/android/app/model/MathExpression;)Lorg/oppia/android/util/math/MathParsingError;
FN:608,org/oppia/android/util/math/MathExpressionParser::checkForRedundantGroupError (Lorg/oppia/android/app/model/MathExpression;)Lorg/oppia/android/util/math/MathParsingError;
FN:615,org/oppia/android/util/math/MathExpressionParser::checkForRedundantUnaryOperation (Lorg/oppia/android/app/model/MathExpression;)Lorg/oppia/android/util/math/MathParsingError;
FN:652,org/oppia/android/util/math/MathExpressionParser::checkForRemainingTokens ()Lorg/oppia/android/util/math/MathParsingError;
FN:625,org/oppia/android/util/math/MathExpressionParser::checkForTooLargeExponentPower (Lorg/oppia/android/app/model/MathExpression;)Lorg/oppia/android/util/math/MathParsingError;
FN:643,org/oppia/android/util/math/MathExpressionParser::checkForUnaryPlus (Lorg/oppia/android/app/model/MathExpression;)Lorg/oppia/android/util/math/MathParsingError;
FN:602,org/oppia/android/util/math/MathExpressionParser::checkForWholeExpressionGroupRedundancy (Lorg/oppia/android/app/model/MathExpression;)Lorg/oppia/android/util/math/MathParsingError;
FN:273,org/oppia/android/util/math/MathExpressionParser::parseAlgebraicImplicitMultOrExpExpressionRhs ()Lorg/oppia/android/util/math/MathExpressionParser$Companion$MathParsingResult;
FN:377,org/oppia/android/util/math/MathExpressionParser::parseAlgebraicTermWithoutUnaryWithoutNumber ()Lorg/oppia/android/util/math/MathExpressionParser$Companion$MathParsingResult;
FN:169,org/oppia/android/util/math/MathExpressionParser::parseGenericAddExpressionRhs ()Lorg/oppia/android/util/math/MathExpressionParser$Companion$MathParsingResult;
FN:145,org/oppia/android/util/math/MathExpressionParser::parseGenericAddSubExpression ()Lorg/oppia/android/util/math/MathExpressionParser$Companion$MathParsingResult;
FN:562,org/oppia/android/util/math/MathExpressionParser::parseGenericBinaryExpression (Lkotlin/jvm/functions/Function0;Lkotlin/jvm/functions/Function1;)Lorg/oppia/android/util/math/MathExpressionParser$Companion$MathParsingResult;
FN:247,org/oppia/android/util/math/MathExpressionParser::parseGenericDivExpressionRhs ()Lorg/oppia/android/util/math/MathExpressionParser$Companion$MathParsingResult;
FN:109,org/oppia/android/util/math/MathExpressionParser::parseGenericEquation ()Lorg/oppia/android/util/math/MathExpressionParser$Companion$MathParsingResult;
FN:89,org/oppia/android/util/math/MathExpressionParser::parseGenericEquationGrammar ()Lorg/oppia/android/util/math/MathExpressionParser$Companion$MathParsingResult;
FN:281,org/oppia/android/util/math/MathExpressionParser::parseGenericExpExpression ()Lorg/oppia/android/util/math/MathExpressionParser$Companion$MathParsingResult;
FN:293,org/oppia/android/util/math/MathExpressionParser::parseGenericExpExpressionTail (Lorg/oppia/android/util/math/MathExpressionParser$Companion$MathParsingResult;)Lorg/oppia/android/util/math/MathExpressionParser$Companion$MathParsingResult;
FN:139,org/oppia/android/util/math/MathExpressionParser::parseGenericExpression ()Lorg/oppia/android/util/math/MathExpressionParser$Companion$MathParsingResult;
FN:103,org/oppia/android/util/math/MathExpressionParser::parseGenericExpressionGrammar ()Lorg/oppia/android/util/math/MathExpressionParser$Companion$MathParsingResult;
FN:392,org/oppia/android/util/math/MathExpressionParser::parseGenericFunctionExpression ()Lorg/oppia/android/util/math/MathExpressionParser$Companion$MathParsingResult;
FN:421,org/oppia/android/util/math/MathExpressionParser::parseGenericGroupExpression ()Lorg/oppia/android/util/math/MathExpressionParser$Companion$MathParsingResult;
FN:259,org/oppia/android/util/math/MathExpressionParser::parseGenericImplicitMultExpressionRhs ()Lorg/oppia/android/util/math/MathExpressionParser$Companion$MathParsingResult;
FN:194,org/oppia/android/util/math/MathExpressionParser::parseGenericMultDivExpression ()Lorg/oppia/android/util/math/MathExpressionParser$Companion$MathParsingResult;
FN:234,org/oppia/android/util/math/MathExpressionParser::parseGenericMultExpressionRhs ()Lorg/oppia/android/util/math/MathExpressionParser$Companion$MathParsingResult;
FN:457,org/oppia/android/util/math/MathExpressionParser::parseGenericNegatedTerm ()Lorg/oppia/android/util/math/MathExpressionParser$Companion$MathParsingResult;
FN:443,org/oppia/android/util/math/MathExpressionParser::parseGenericPlusMinusUnaryTerm ()Lorg/oppia/android/util/math/MathExpressionParser$Companion$MathParsingResult;
FN:473,org/oppia/android/util/math/MathExpressionParser::parseGenericPositiveTerm ()Lorg/oppia/android/util/math/MathExpressionParser$Companion$MathParsingResult;
FN:489,org/oppia/android/util/math/MathExpressionParser::parseGenericRootedTerm ()Lorg/oppia/android/util/math/MathExpressionParser$Companion$MathParsingResult;
FN:180,org/oppia/android/util/math/MathExpressionParser::parseGenericSubExpressionRhs ()Lorg/oppia/android/util/math/MathExpressionParser$Companion$MathParsingResult;
FN:312,org/oppia/android/util/math/MathExpressionParser::parseGenericTermWithUnary ()Lorg/oppia/android/util/math/MathExpressionParser$Companion$MathParsingResult;
FN:352,org/oppia/android/util/math/MathExpressionParser::parseGenericTermWithoutUnaryWithoutNumber ()Lorg/oppia/android/util/math/MathExpressionParser$Companion$MathParsingResult;
FN:508,org/oppia/android/util/math/MathExpressionParser::parseNumber ()Lorg/oppia/android/util/math/MathExpressionParser$Companion$MathParsingResult;
FN:267,org/oppia/android/util/math/MathExpressionParser::parseNumericImplicitMultExpressionRhs ()Lorg/oppia/android/util/math/MathExpressionParser$Companion$MathParsingResult;
FN:361,org/oppia/android/util/math/MathExpressionParser::parseNumericTermWithoutUnaryWithoutNumber ()Lorg/oppia/android/util/math/MathExpressionParser$Companion$MathParsingResult;
FN:537,org/oppia/android/util/math/MathExpressionParser::parseVariable ()Lorg/oppia/android/util/math/MathExpressionParser$Companion$MathParsingResult;
FN:681,org/oppia/android/util/math/MathExpressionParser::toError (Lorg/oppia/android/util/math/MathTokenizer$Companion$Token$IncompleteFunctionName;)Lorg/oppia/android/util/math/MathParsingError;
FN:684,org/oppia/android/util/math/MathExpressionParser::toError (Lorg/oppia/android/util/math/MathTokenizer$Companion$Token$InvalidToken;)Lorg/oppia/android/util/math/MathParsingError;
FN:686,org/oppia/android/util/math/MathExpressionParser::toFailure (Lorg/oppia/android/util/math/MathTokenizer$Companion$Token$IncompleteFunctionName;)Lorg/oppia/android/util/math/MathExpressionParser$Companion$MathParsingResult;
FN:688,org/oppia/android/util/math/MathExpressionParser::toFailure (Lorg/oppia/android/util/math/MathTokenizer$Companion$Token$InvalidToken;)Lorg/oppia/android/util/math/MathExpressionParser$Companion$MathParsingResult;
FN:672,org/oppia/android/util/math/MathExpressionParser::toReal (Lorg/oppia/android/util/math/MathTokenizer$Companion$Token$PositiveInteger;)Lorg/oppia/android/app/model/Real;
FN:676,org/oppia/android/util/math/MathExpressionParser::toReal (Lorg/oppia/android/util/math/MathTokenizer$Companion$Token$PositiveRealNumber;)Lorg/oppia/android/app/model/Real;
FNDA:1,org/oppia/android/util/math/MathExpressionParser$Companion$BinaryOperationRhs$computeBinaryOperationExpression$1::invoke (Lorg/oppia/android/app/model/MathExpression;Lorg/oppia/android/app/model/MathExpression;)Lorg/oppia/android/app/model/MathExpression;
FNDA:1,org/oppia/android/util/math/MathExpressionParser$Companion$BinaryOperationRhs::<init> (Lorg/oppia/android/app/model/MathBinaryOperation$Operator;Lorg/oppia/android/util/math/MathExpressionParser$Companion$MathParsingResult;Z)V
FNDA:1,org/oppia/android/util/math/MathExpressionParser$Companion$BinaryOperationRhs::<init> (Lorg/oppia/android/app/model/MathBinaryOperation$Operator;Lorg/oppia/android/util/math/MathExpressionParser$Companion$MathParsingResult;ZILkotlin/jvm/internal/DefaultConstructorMarker;)V
FNDA:1,org/oppia/android/util/math/MathExpressionParser$Companion$BinaryOperationRhs::computeBinaryOperationExpression (Lorg/oppia/android/util/math/MathExpressionParser$Companion$MathParsingResult;)Lorg/oppia/android/util/math/MathExpressionParser$Companion$MathParsingResult;
FNDA:1,org/oppia/android/util/math/MathExpressionParser$Companion$BinaryOperationRhs::getOperator ()Lorg/oppia/android/app/model/MathBinaryOperation$Operator;
FNDA:0,org/oppia/android/util/math/MathExpressionParser$Companion$BinaryOperationRhs::getRhsResult ()Lorg/oppia/android/util/math/MathExpressionParser$Companion$MathParsingResult;
FNDA:1,org/oppia/android/util/math/MathExpressionParser$Companion$BinaryOperationRhs::isImplicit ()Z
FNDA:1,org/oppia/android/util/math/MathExpressionParser$Companion$ErrorCheckingMode::<clinit> ()V
FNDA:1,org/oppia/android/util/math/MathExpressionParser$Companion$MathParsingResult$Failure::<init> (Lorg/oppia/android/util/math/MathParsingError;)V
FNDA:1,org/oppia/android/util/math/MathExpressionParser$Companion$MathParsingResult$Failure::getError ()Lorg/oppia/android/util/math/MathParsingError;
FNDA:1,org/oppia/android/util/math/MathExpressionParser$Companion$MathParsingResult$Success::<init> (Ljava/lang/Object;)V
FNDA:1,org/oppia/android/util/math/MathExpressionParser$Companion$MathParsingResult$Success::getResult ()Ljava/lang/Object;
FNDA:1,org/oppia/android/util/math/MathExpressionParser$Companion$also$1::invoke (Ljava/lang/Object;)Lorg/oppia/android/util/math/MathExpressionParser$Companion$MathParsingResult;
FNDA:1,org/oppia/android/util/math/MathExpressionParser$Companion$combineWith$1$1::invoke (Ljava/lang/Object;)Ljava/lang/Object;
FNDA:1,org/oppia/android/util/math/MathExpressionParser$Companion$combineWith$1::invoke (Ljava/lang/Object;)Lorg/oppia/android/util/math/MathExpressionParser$Companion$MathParsingResult;
FNDA:1,org/oppia/android/util/math/MathExpressionParser$Companion$combineWith$2$1$1::invoke (Ljava/lang/Object;)Ljava/lang/Object;
FNDA:1,org/oppia/android/util/math/MathExpressionParser$Companion$combineWith$2$1::invoke (Ljava/lang/Object;)Lorg/oppia/android/util/math/MathExpressionParser$Companion$MathParsingResult;
FNDA:1,org/oppia/android/util/math/MathExpressionParser$Companion$combineWith$2::invoke (Ljava/lang/Object;)Lorg/oppia/android/util/math/MathExpressionParser$Companion$MathParsingResult;
FNDA:1,org/oppia/android/util/math/MathExpressionParser$Companion$map$1::invoke (Ljava/lang/Object;)Lorg/oppia/android/util/math/MathExpressionParser$Companion$MathParsingResult;
FNDA:1,org/oppia/android/util/math/MathExpressionParser$Companion$maybeFail$1::invoke (Ljava/lang/Object;)Lorg/oppia/android/util/math/MathExpressionParser$Companion$MathParsingResult;
FNDA:1,org/oppia/android/util/math/MathExpressionParser$Companion$parseAlgebraicEquation$1::invoke (Lorg/oppia/android/app/model/MathEquation;)Lorg/oppia/android/app/model/MathEquation;
FNDA:1,org/oppia/android/util/math/MathExpressionParser$Companion$parseAlgebraicExpression$1::invoke (Lorg/oppia/android/app/model/MathExpression;)Lorg/oppia/android/app/model/MathExpression;
FNDA:1,org/oppia/android/util/math/MathExpressionParser$Companion$parseNumericExpression$1::invoke (Lorg/oppia/android/app/model/MathExpression;)Lorg/oppia/android/app/model/MathExpression;
FNDA:1,org/oppia/android/util/math/MathExpressionParser$Companion::also (Lorg/oppia/android/util/math/MathExpressionParser$Companion$MathParsingResult;Lkotlin/jvm/functions/Function0;)Lorg/oppia/android/util/math/MathExpressionParser$Companion$MathParsingResult;
FNDA:1,org/oppia/android/util/math/MathExpressionParser$Companion::combineWith (Lorg/oppia/android/util/math/MathExpressionParser$Companion$MathParsingResult;Lorg/oppia/android/util/math/MathExpressionParser$Companion$MathParsingResult;Lkotlin/jvm/functions/Function2;)Lorg/oppia/android/util/math/MathExpressionParser$Companion$MathParsingResult;
FNDA:1,org/oppia/android/util/math/MathExpressionParser$Companion::combineWith (Lorg/oppia/android/util/math/MathExpressionParser$Companion$MathParsingResult;Lorg/oppia/android/util/math/MathExpressionParser$Companion$MathParsingResult;Lorg/oppia/android/util/math/MathExpressionParser$Companion$MathParsingResult;Lkotlin/jvm/functions/Function3;)Lorg/oppia/android/util/math/MathExpressionParser$Companion$MathParsingResult;
FNDA:1,org/oppia/android/util/math/MathExpressionParser$Companion::containsExponentiation (Lorg/oppia/android/app/model/MathExpression;)Z
FNDA:1,org/oppia/android/util/math/MathExpressionParser$Companion::createAlgebraicParser (Ljava/lang/String;ZLjava/util/List;Lorg/oppia/android/util/math/MathExpressionParser$Companion$ErrorCheckingMode;)Lorg/oppia/android/util/math/MathExpressionParser;
FNDA:1,org/oppia/android/util/math/MathExpressionParser$Companion::createNumericParser (Ljava/lang/String;Lorg/oppia/android/util/math/MathExpressionParser$Companion$ErrorCheckingMode;)Lorg/oppia/android/util/math/MathExpressionParser;
FNDA:1,org/oppia/android/util/math/MathExpressionParser$Companion::findAllDisallowedVariables (Lorg/oppia/android/app/model/MathExpression;Lorg/oppia/android/util/math/MathExpressionParser$ParseContext;)Ljava/util/Set;
FNDA:1,org/oppia/android/util/math/MathExpressionParser$Companion::findAllDisallowedVariablesAux (Lorg/oppia/android/app/model/MathExpression;Lorg/oppia/android/util/math/MathExpressionParser$ParseContext$AlgebraicExpressionContext;)Ljava/util/Set;
FNDA:1,org/oppia/android/util/math/MathExpressionParser$Companion::findFirstMultiRedundantGroup (Lorg/oppia/android/app/model/MathExpression;)Lorg/oppia/android/app/model/MathExpression;
FNDA:1,org/oppia/android/util/math/MathExpressionParser$Companion::findNextDivisionByZero (Lorg/oppia/android/app/model/MathExpression;)Lorg/oppia/android/app/model/MathExpression;
FNDA:1,org/oppia/android/util/math/MathExpressionParser$Companion::findNextExponentiationWithTooLargePower (Lorg/oppia/android/app/model/MathExpression;)Lorg/oppia/android/app/model/MathExpression;
FNDA:1,org/oppia/android/util/math/MathExpressionParser$Companion::findNextExponentiationWithVariablePower (Lorg/oppia/android/app/model/MathExpression;)Lorg/oppia/android/app/model/MathExpression;
FNDA:1,org/oppia/android/util/math/MathExpressionParser$Companion::findNextNestedExponentiation (Lorg/oppia/android/app/model/MathExpression;)Lorg/oppia/android/app/model/MathExpression;
FNDA:1,org/oppia/android/util/math/MathExpressionParser$Companion::findNextRedundantGroup (Lorg/oppia/android/app/model/MathExpression;)Lorg/oppia/android/app/model/MathExpression;
FNDA:1,org/oppia/android/util/math/MathExpressionParser$Companion::findNextRedundantUnaryOperation (Lorg/oppia/android/app/model/MathExpression;)Lorg/oppia/android/app/model/MathExpression;
FNDA:1,org/oppia/android/util/math/MathExpressionParser$Companion::findNextUnaryPlus (Lorg/oppia/android/app/model/MathExpression;)Lorg/oppia/android/app/model/MathExpression;
FNDA:1,org/oppia/android/util/math/MathExpressionParser$Companion::flatMap (Lorg/oppia/android/util/math/MathExpressionParser$Companion$MathParsingResult;Lkotlin/jvm/functions/Function1;)Lorg/oppia/android/util/math/MathExpressionParser$Companion$MathParsingResult;
FNDA:1,org/oppia/android/util/math/MathExpressionParser$Companion::includesOptionalErrors (Lorg/oppia/android/util/math/MathExpressionParser$Companion$ErrorCheckingMode;)Z
FNDA:1,org/oppia/android/util/math/MathExpressionParser$Companion::isFailure (Lorg/oppia/android/util/math/MathExpressionParser$Companion$MathParsingResult;)Z
FNDA:1,org/oppia/android/util/math/MathExpressionParser$Companion::isVariableExpression (Lorg/oppia/android/app/model/MathExpression;)Z
FNDA:1,org/oppia/android/util/math/MathExpressionParser$Companion::map (Lorg/oppia/android/util/math/MathExpressionParser$Companion$MathParsingResult;Lkotlin/jvm/functions/Function1;)Lorg/oppia/android/util/math/MathExpressionParser$Companion$MathParsingResult;
FNDA:1,org/oppia/android/util/math/MathExpressionParser$Companion::maybeFail (Lorg/oppia/android/util/math/MathExpressionParser$Companion$MathParsingResult;Lkotlin/jvm/functions/Function1;)Lorg/oppia/android/util/math/MathExpressionParser$Companion$MathParsingResult;
FNDA:1,org/oppia/android/util/math/MathExpressionParser$Companion::parseAlgebraicEquation (Ljava/lang/String;Ljava/util/List;Lorg/oppia/android/util/math/MathExpressionParser$Companion$ErrorCheckingMode;)Lorg/oppia/android/util/math/MathExpressionParser$Companion$MathParsingResult;
FNDA:0,org/oppia/android/util/math/MathExpressionParser$Companion::parseAlgebraicEquation$default (Lorg/oppia/android/util/math/MathExpressionParser$Companion;Ljava/lang/String;Ljava/util/List;Lorg/oppia/android/util/math/MathExpressionParser$Companion$ErrorCheckingMode;ILjava/lang/Object;)Lorg/oppia/android/util/math/MathExpressionParser$Companion$MathParsingResult;
FNDA:1,org/oppia/android/util/math/MathExpressionParser$Companion::parseAlgebraicExpression (Ljava/lang/String;Ljava/util/List;Lorg/oppia/android/util/math/MathExpressionParser$Companion$ErrorCheckingMode;)Lorg/oppia/android/util/math/MathExpressionParser$Companion$MathParsingResult;
FNDA:0,org/oppia/android/util/math/MathExpressionParser$Companion::parseAlgebraicExpression$default (Lorg/oppia/android/util/math/MathExpressionParser$Companion;Ljava/lang/String;Ljava/util/List;Lorg/oppia/android/util/math/MathExpressionParser$Companion$ErrorCheckingMode;ILjava/lang/Object;)Lorg/oppia/android/util/math/MathExpressionParser$Companion$MathParsingResult;
FNDA:1,org/oppia/android/util/math/MathExpressionParser$Companion::parseNumericExpression (Ljava/lang/String;Lorg/oppia/android/util/math/MathExpressionParser$Companion$ErrorCheckingMode;)Lorg/oppia/android/util/math/MathExpressionParser$Companion$MathParsingResult;
FNDA:0,org/oppia/android/util/math/MathExpressionParser$Companion::parseNumericExpression$default (Lorg/oppia/android/util/math/MathExpressionParser$Companion;Ljava/lang/String;Lorg/oppia/android/util/math/MathExpressionParser$Companion$ErrorCheckingMode;ILjava/lang/Object;)Lorg/oppia/android/util/math/MathExpressionParser$Companion$MathParsingResult;
FNDA:1,org/oppia/android/util/math/MathExpressionParser$Companion::stripParseInfo (Lorg/oppia/android/app/model/MathEquation;)Lorg/oppia/android/app/model/MathEquation;
FNDA:1,org/oppia/android/util/math/MathExpressionParser$Companion::stripParseInfo (Lorg/oppia/android/app/model/MathExpression;)Lorg/oppia/android/app/model/MathExpression;
FNDA:1,org/oppia/android/util/math/MathExpressionParser$Companion::toFailure (Lorg/oppia/android/util/math/MathParsingError;)Lorg/oppia/android/util/math/MathExpressionParser$Companion$MathParsingResult;
FNDA:1,org/oppia/android/util/math/MathExpressionParser$ParseContext$AlgebraicExpressionContext::<init> (Ljava/lang/String;ZLjava/util/List;Lorg/oppia/android/util/math/MathExpressionParser$Companion$ErrorCheckingMode;)V
FNDA:1,org/oppia/android/util/math/MathExpressionParser$ParseContext$AlgebraicExpressionContext::allowsVariable (Ljava/lang/String;)Z
FNDA:1,org/oppia/android/util/math/MathExpressionParser$ParseContext$AlgebraicExpressionContext::getErrorCheckingMode ()Lorg/oppia/android/util/math/MathExpressionParser$Companion$ErrorCheckingMode;
FNDA:1,org/oppia/android/util/math/MathExpressionParser$ParseContext$AlgebraicExpressionContext::isPartOfEquation ()Z
FNDA:1,org/oppia/android/util/math/MathExpressionParser$ParseContext$NumericExpressionContext::<init> (Ljava/lang/String;Lorg/oppia/android/util/math/MathExpressionParser$Companion$ErrorCheckingMode;)V
FNDA:1,org/oppia/android/util/math/MathExpressionParser$ParseContext$NumericExpressionContext::getErrorCheckingMode ()Lorg/oppia/android/util/math/MathExpressionParser$Companion$ErrorCheckingMode;
FNDA:0,org/oppia/android/util/math/MathExpressionParser$ParseContext$consumeTokenOfType$1::invoke ()Lorg/oppia/android/util/math/MathParsingError$GenericError;
FNDA:0,org/oppia/android/util/math/MathExpressionParser$ParseContext$consumeTokenOfType$maybeToken$1::invoke (Lorg/oppia/android/util/math/MathTokenizer$Companion$Token;)Ljava/lang/Boolean;
FNDA:1,org/oppia/android/util/math/MathExpressionParser$ParseContext$tokens$2::invoke ()Lorg/oppia/android/util/math/PeekableIterator;
FNDA:1,org/oppia/android/util/math/MathExpressionParser$ParseContext::<init> (Ljava/lang/String;)V
FNDA:0,org/oppia/android/util/math/MathExpressionParser$ParseContext::consumeTokenOfType$default (Lorg/oppia/android/util/math/MathExpressionParser$ParseContext;Lkotlin/jvm/functions/Function0;ILjava/lang/Object;)Lorg/oppia/android/util/math/MathExpressionParser$Companion$MathParsingResult;
FNDA:1,org/oppia/android/util/math/MathExpressionParser$ParseContext::extractSubexpression (Lorg/oppia/android/app/model/MathExpression;)Ljava/lang/String;
FNDA:1,org/oppia/android/util/math/MathExpressionParser$ParseContext::extractSubexpression (Lorg/oppia/android/util/math/MathTokenizer$Companion$Token;)Ljava/lang/String;
FNDA:1,org/oppia/android/util/math/MathExpressionParser$ParseContext::getPreviousToken ()Lorg/oppia/android/util/math/MathTokenizer$Companion$Token;
FNDA:1,org/oppia/android/util/math/MathExpressionParser$ParseContext::getRawExpression ()Ljava/lang/String;
FNDA:1,org/oppia/android/util/math/MathExpressionParser$ParseContext::getTokens ()Lorg/oppia/android/util/math/PeekableIterator;
FNDA:1,org/oppia/android/util/math/MathExpressionParser$ParseContext::hasMoreTokens ()Z
FNDA:1,org/oppia/android/util/math/MathExpressionParser$ParseContext::peekToken ()Lorg/oppia/android/util/math/MathTokenizer$Companion$Token;
FNDA:1,org/oppia/android/util/math/MathExpressionParser$parseGenericAddExpressionRhs$$inlined$consumeTokenOfType$default$1::invoke (Lorg/oppia/android/util/math/MathTokenizer$Companion$Token;)Ljava/lang/Boolean;
FNDA:1,org/oppia/android/util/math/MathExpressionParser$parseGenericAddExpressionRhs$1::invoke (Lorg/oppia/android/util/math/MathTokenizer$Companion$Token$PlusSymbol;)Lorg/oppia/android/util/math/MathParsingError;
FNDA:1,org/oppia/android/util/math/MathExpressionParser$parseGenericAddExpressionRhs$2::invoke (Lorg/oppia/android/util/math/MathTokenizer$Companion$Token$PlusSymbol;)Lorg/oppia/android/util/math/MathExpressionParser$Companion$MathParsingResult;
FNDA:1,org/oppia/android/util/math/MathExpressionParser$parseGenericAddSubExpression$2::invoke (Lorg/oppia/android/util/math/MathTokenizer$Companion$Token;)Lorg/oppia/android/util/math/MathExpressionParser$Companion$BinaryOperationRhs;
FNDA:1,org/oppia/android/util/math/MathExpressionParser$parseGenericDivExpressionRhs$$inlined$consumeTokenOfType$default$1::invoke (Lorg/oppia/android/util/math/MathTokenizer$Companion$Token;)Ljava/lang/Boolean;
FNDA:1,org/oppia/android/util/math/MathExpressionParser$parseGenericDivExpressionRhs$1::invoke (Lorg/oppia/android/util/math/MathTokenizer$Companion$Token$DivideSymbol;)Lorg/oppia/android/util/math/MathParsingError;
FNDA:1,org/oppia/android/util/math/MathExpressionParser$parseGenericDivExpressionRhs$2::invoke (Lorg/oppia/android/util/math/MathTokenizer$Companion$Token$DivideSymbol;)Lorg/oppia/android/util/math/MathExpressionParser$Companion$MathParsingResult;
FNDA:1,org/oppia/android/util/math/MathExpressionParser$parseGenericEquation$1::invoke (Lorg/oppia/android/app/model/MathExpression;Lorg/oppia/android/app/model/MathExpression;)Lorg/oppia/android/app/model/MathEquation;
FNDA:1,org/oppia/android/util/math/MathExpressionParser$parseGenericEquation$lhsResult$1::invoke (Lorg/oppia/android/app/model/MathExpression;)Lorg/oppia/android/util/math/MathParsingError;
FNDA:1,org/oppia/android/util/math/MathExpressionParser$parseGenericEquation$lhsResult$2$invoke$$inlined$consumeTokenOfType$default$1::invoke (Lorg/oppia/android/util/math/MathTokenizer$Companion$Token;)Ljava/lang/Boolean;
FNDA:1,org/oppia/android/util/math/MathExpressionParser$parseGenericEquation$lhsResult$2::invoke ()Lorg/oppia/android/util/math/MathExpressionParser$Companion$MathParsingResult;
FNDA:1,org/oppia/android/util/math/MathExpressionParser$parseGenericEquation$lhsResult$3::invoke (Lorg/oppia/android/app/model/MathExpression;)Lorg/oppia/android/util/math/MathParsingError;
FNDA:1,org/oppia/android/util/math/MathExpressionParser$parseGenericEquation$rhsResult$1::invoke (Lorg/oppia/android/app/model/MathExpression;)Lorg/oppia/android/util/math/MathExpressionParser$Companion$MathParsingResult;
FNDA:1,org/oppia/android/util/math/MathExpressionParser$parseGenericEquationGrammar$1::invoke (Lorg/oppia/android/app/model/MathEquation;)Lorg/oppia/android/util/math/MathParsingError;
FNDA:1,org/oppia/android/util/math/MathExpressionParser$parseGenericExpExpressionTail$1$invoke$$inlined$consumeTokenOfType$default$1::invoke (Lorg/oppia/android/util/math/MathTokenizer$Companion$Token;)Ljava/lang/Boolean;
FNDA:1,org/oppia/android/util/math/MathExpressionParser$parseGenericExpExpressionTail$1::invoke (Lorg/oppia/android/app/model/MathExpression;)Lorg/oppia/android/util/math/MathExpressionParser$Companion$MathParsingResult;
FNDA:1,org/oppia/android/util/math/MathExpressionParser$parseGenericExpExpressionTail$2::invoke (Lorg/oppia/android/util/math/MathTokenizer$Companion$Token$ExponentiationSymbol;)Lorg/oppia/android/util/math/MathParsingError;
FNDA:1,org/oppia/android/util/math/MathExpressionParser$parseGenericExpExpressionTail$3::invoke (Lorg/oppia/android/util/math/MathTokenizer$Companion$Token$ExponentiationSymbol;)Lorg/oppia/android/util/math/MathExpressionParser$Companion$MathParsingResult;
FNDA:1,org/oppia/android/util/math/MathExpressionParser$parseGenericExpressionGrammar$1::invoke (Lorg/oppia/android/app/model/MathExpression;)Lorg/oppia/android/util/math/MathParsingError;
FNDA:1,org/oppia/android/util/math/MathExpressionParser$parseGenericFunctionExpression$$inlined$consumeTokenOfType$default$1::invoke (Lorg/oppia/android/util/math/MathTokenizer$Companion$Token;)Ljava/lang/Boolean;
FNDA:1,org/oppia/android/util/math/MathExpressionParser$parseGenericFunctionExpression$1::invoke (Lorg/oppia/android/util/math/MathTokenizer$Companion$Token$FunctionName;Lorg/oppia/android/app/model/MathExpression;Lorg/oppia/android/util/math/MathTokenizer$Companion$Token$RightParenthesisSymbol;)Lorg/oppia/android/app/model/MathExpression;
FNDA:1,org/oppia/android/util/math/MathExpressionParser$parseGenericFunctionExpression$argResult$1::invoke (Lorg/oppia/android/util/math/MathTokenizer$Companion$Token$FunctionName;)Lorg/oppia/android/util/math/MathExpressionParser$Companion$MathParsingResult;
FNDA:1,org/oppia/android/util/math/MathExpressionParser$parseGenericFunctionExpression$funcNameResult$1::invoke (Lorg/oppia/android/util/math/MathTokenizer$Companion$Token$FunctionName;)Lorg/oppia/android/util/math/MathParsingError;
FNDA:1,org/oppia/android/util/math/MathExpressionParser$parseGenericFunctionExpression$funcNameResult$2$invoke$$inlined$consumeTokenOfType$default$1::invoke (Lorg/oppia/android/util/math/MathTokenizer$Companion$Token;)Ljava/lang/Boolean;
FNDA:1,org/oppia/android/util/math/MathExpressionParser$parseGenericFunctionExpression$funcNameResult$2::invoke ()Lorg/oppia/android/util/math/MathExpressionParser$Companion$MathParsingResult;
[...]
FNDA:0,org/oppia/android/util/math/PolynomialExtensionsKt::minus (Lorg/oppia/android/app/model/Polynomial;Lorg/oppia/android/app/model/Polynomial;)Lorg/oppia/android/app/model/Polynomial;
FNDA:0,org/oppia/android/util/math/PolynomialExtensionsKt::plus (Lorg/oppia/android/app/model/Polynomial;Lorg/oppia/android/app/model/Polynomial;)Lorg/oppia/android/app/model/Polynomial;
FNDA:0,org/oppia/android/util/math/PolynomialExtensionsKt::pow (Lorg/oppia/android/app/model/Polynomial$Term;Lorg/oppia/android/app/model/Fraction;)Lorg/oppia/android/app/model/Polynomial$Term;
FNDA:0,org/oppia/android/util/math/PolynomialExtensionsKt::pow (Lorg/oppia/android/app/model/Polynomial;I)Lorg/oppia/android/app/model/Polynomial;
FNDA:0,org/oppia/android/util/math/PolynomialExtensionsKt::pow (Lorg/oppia/android/app/model/Polynomial;Lorg/oppia/android/app/model/Fraction;)Lorg/oppia/android/app/model/Polynomial;
FNDA:0,org/oppia/android/util/math/PolynomialExtensionsKt::pow (Lorg/oppia/android/app/model/Polynomial;Lorg/oppia/android/app/model/Polynomial;)Lorg/oppia/android/app/model/Polynomial;
FNDA:0,org/oppia/android/util/math/PolynomialExtensionsKt::pow (Lorg/oppia/android/app/model/Polynomial;Lorg/oppia/android/app/model/Real;)Lorg/oppia/android/app/model/Polynomial;
FNDA:0,org/oppia/android/util/math/PolynomialExtensionsKt::removeUnnecessaryVariables (Lorg/oppia/android/app/model/Polynomial;)Lorg/oppia/android/app/model/Polynomial;
FNDA:0,org/oppia/android/util/math/PolynomialExtensionsKt::simplifyRationals (Lorg/oppia/android/app/model/Polynomial;)Lorg/oppia/android/app/model/Polynomial;
FNDA:0,org/oppia/android/util/math/PolynomialExtensionsKt::sort (Lorg/oppia/android/app/model/Polynomial;)Lorg/oppia/android/app/model/Polynomial;
FNDA:0,org/oppia/android/util/math/PolynomialExtensionsKt::times (Lorg/oppia/android/app/model/Polynomial$Term;Lorg/oppia/android/app/model/Polynomial$Term;)Lorg/oppia/android/app/model/Polynomial$Term;
FNDA:0,org/oppia/android/util/math/PolynomialExtensionsKt::times (Lorg/oppia/android/app/model/Polynomial;Lorg/oppia/android/app/model/Polynomial;)Lorg/oppia/android/app/model/Polynomial;
FNDA:0,org/oppia/android/util/math/PolynomialExtensionsKt::toPlainText (Lorg/oppia/android/app/model/Polynomial$Term$Variable;)Ljava/lang/String;
FNDA:0,org/oppia/android/util/math/PolynomialExtensionsKt::toPlainText (Lorg/oppia/android/app/model/Polynomial$Term;)Ljava/lang/String;
FNDA:0,org/oppia/android/util/math/PolynomialExtensionsKt::toPlainText (Lorg/oppia/android/app/model/Polynomial;)Ljava/lang/String;
FNDA:0,org/oppia/android/util/math/PolynomialExtensionsKt::toPolynomial (Lorg/oppia/android/app/model/Polynomial$Term;)Lorg/oppia/android/app/model/Polynomial;
FNDA:0,org/oppia/android/util/math/PolynomialExtensionsKt::toPowerMap (Ljava/util/List;)Ljava/util/Map;
FNDA:0,org/oppia/android/util/math/PolynomialExtensionsKt::toVariableList (Ljava/util/Map;)Ljava/util/List;
FNDA:0,org/oppia/android/util/math/PolynomialExtensionsKt::unaryMinus (Lorg/oppia/android/app/model/Polynomial;)Lorg/oppia/android/app/model/Polynomial;
FNF:47
FNH:0
DA:10,0
DA:13,0
DA:15,0
DA:16,0
DA:19,0
DA:28,0
DA:37,0
DA:38,0
DA:39,0
DA:40,0
DA:41,0
DA:42,0
DA:53,0
DA:54,0
DA:55,0
DA:56,0
DA:59,0
DA:71,0
DA:72,0
DA:73,0
DA:74,0
DA:75,0
DA:76,0
DA:79,0
DA:95,0
DA:99,0
DA:100,0
DA:101,0
DA:102,0
DA:103,0
DA:104,0
DA:105,0
DA:107,0
DA:117,0
DA:120,0
DA:121,0
DA:131,0
DA:132,0
DA:133,0
DA:134,0
DA:148,0
DA:149,0
DA:150,0
DA:162,0
DA:174,0
DA:175,0
DA:181,0
DA:182,0
DA:183,0
DA:197,0
DA:198,0
DA:201,0
DA:202,0
DA:203,0
DA:204,0
DA:205,0
DA:206,0
DA:207,0
DA:208,0
DA:213,0
DA:214,0
DA:215,0
DA:216,0
DA:219,0
DA:237,0
DA:238,0
DA:239,0
DA:243,0
DA:246,0
DA:249,0
DA:253,0
DA:254,0
DA:255,0
DA:256,0
DA:258,0
DA:259,0
DA:263,0
DA:266,0
DA:270,0
DA:278,0
DA:279,0
DA:280,0
DA:281,0
DA:282,0
DA:284,0
DA:285,0
DA:286,0
DA:287,0
DA:290,0
DA:291,0
DA:292,0
DA:294,0
DA:295,0
DA:296,0
DA:301,0
DA:305,0
DA:306,0
DA:307,0
DA:309,0
DA:312,0
DA:315,0
DA:319,0
DA:321,0
DA:322,0
DA:327,0
DA:328,0
DA:333,0
DA:334,0
DA:335,0
DA:340,0
DA:341,0
DA:342,0
DA:343,0
DA:344,0
DA:349,0
DA:352,0
DA:356,0
DA:357,0
DA:358,0
DA:359,0
DA:361,0
DA:362,0
DA:363,0
DA:366,0
DA:367,0
DA:368,0
DA:369,0
DA:373,0
DA:374,0
DA:378,0
DA:381,0
DA:382,0
DA:386,0
DA:390,0
DA:391,0
DA:392,0
DA:393,0
DA:398,0
DA:399,0
DA:404,0
DA:406,0
DA:407,0
DA:408,0
DA:410,0
DA:411,0
DA:412,0
DA:413,0
DA:414,0
DA:415,0
DA:416,0
DA:419,0
DA:427,0
DA:430,0
DA:433,0
DA:437,0
DA:439,0
DA:441,0
DA:442,0
DA:443,0
DA:444,0
DA:445,0
DA:446,0
DA:447,0
DA:448,0
DA:452,0
DA:454,0
DA:457,0
DA:461,0
DA:465,0
DA:468,0
DA:469,0
DA:470,0
DA:471,0
DA:472,0
DA:473,0
DA:474,0
DA:475,0
DA:478,0
DA:479,0
DA:480,0
DA:481,0
DA:482,0
DA:483,0
DA:485,0
DA:490,0
DA:491,0
DA:503,0
DA:504,0
DA:505,0
DA:506,0
DA:513,0
LH:0
LF:191
end_of_record
SF:utility/src/main/java/org/oppia/android/util/math/RatioExtensions.kt
FN:27,org/oppia/android/util/math/RatioExtensionsKt::gcd (II)I
FN:22,org/oppia/android/util/math/RatioExtensionsKt::toAnswerString (Lorg/oppia/android/app/model/RatioExpression;)Ljava/lang/String;
FN:9,org/oppia/android/util/math/RatioExtensionsKt::toSimplestForm (Lorg/oppia/android/app/model/RatioExpression;)Ljava/util/List;
FNDA:0,org/oppia/android/util/math/RatioExtensionsKt::gcd (II)I
FNDA:0,org/oppia/android/util/math/RatioExtensionsKt::toAnswerString (Lorg/oppia/android/app/model/RatioExpression;)Ljava/lang/String;
FNDA:0,org/oppia/android/util/math/RatioExtensionsKt::toSimplestForm (Lorg/oppia/android/app/model/RatioExpression;)Ljava/util/List;
FNF:3
FNH:0
DA:9,0
DA:10,0
DA:12,0
DA:13,0
DA:22,0
DA:27,0
LH:0
LF:6
end_of_record
SF:utility/src/main/java/org/oppia/android/util/math/RealExtensions.kt
FN:19,org/oppia/android/util/math/RealExtensionsKt$ONE$2::invoke ()Lorg/oppia/android/app/model/Real;
FN:24,org/oppia/android/util/math/RealExtensionsKt$ONE_HALF$2::invoke ()Lorg/oppia/android/app/model/Real;
FN:37,org/oppia/android/util/math/RealExtensionsKt$REAL_COMPARATOR$2::invoke ()Ljava/util/Comparator;
FN:14,org/oppia/android/util/math/RealExtensionsKt$ZERO$2::invoke ()Lorg/oppia/android/app/model/Real;
FN:13,org/oppia/android/util/math/RealExtensionsKt::<clinit> ()V
FN:437,org/oppia/android/util/math/RealExtensionsKt::abs (Lorg/oppia/android/app/model/Real;)Lorg/oppia/android/app/model/Real;
FN:119,org/oppia/android/util/math/RealExtensionsKt::asWholeNumber (Lorg/oppia/android/app/model/Real;)Ljava/lang/Integer;
FN:568,org/oppia/android/util/math/RealExtensionsKt::createIntegerReal (I)Lorg/oppia/android/app/model/Real;
FN:564,org/oppia/android/util/math/RealExtensionsKt::createIrrationalReal (D)Lorg/oppia/android/app/model/Real;
FN:560,org/oppia/android/util/math/RealExtensionsKt::createRationalReal (Lorg/oppia/android/app/model/Fraction;)Lorg/oppia/android/app/model/Real;
FN:291,org/oppia/android/util/math/RealExtensionsKt::div (Lorg/oppia/android/app/model/Real;Lorg/oppia/android/app/model/Real;)Lorg/oppia/android/app/model/Real;
FN:439,org/oppia/android/util/math/RealExtensionsKt::divide (II)Lorg/oppia/android/app/model/Real;
FN:18,org/oppia/android/util/math/RealExtensionsKt::getONE ()Lorg/oppia/android/app/model/Real;
FN:23,org/oppia/android/util/math/RealExtensionsKt::getONE_HALF ()Lorg/oppia/android/app/model/Real;
FN:37,org/oppia/android/util/math/RealExtensionsKt::getREAL_COMPARATOR ()Ljava/util/Comparator;
FN:13,org/oppia/android/util/math/RealExtensionsKt::getZERO ()Lorg/oppia/android/app/model/Real;
FN:89,org/oppia/android/util/math/RealExtensionsKt::isApproximatelyEqualTo (Lorg/oppia/android/app/model/Real;D)Z
FN:81,org/oppia/android/util/math/RealExtensionsKt::isApproximatelyEqualTo (Lorg/oppia/android/app/model/Real;Lorg/oppia/android/app/model/Real;)Z
FN:93,org/oppia/android/util/math/RealExtensionsKt::isApproximatelyZero (Lorg/oppia/android/app/model/Real;)Z
FN:52,org/oppia/android/util/math/RealExtensionsKt::isInteger (Lorg/oppia/android/app/model/Real;)Z
FN:69,org/oppia/android/util/math/RealExtensionsKt::isNegative (Lorg/oppia/android/app/model/Real;)Z
FN:558,org/oppia/android/util/math/RealExtensionsKt::isOdd (I)Z
FN:44,org/oppia/android/util/math/RealExtensionsKt::isRational (Lorg/oppia/android/app/model/Real;)Z
FN:61,org/oppia/android/util/math/RealExtensionsKt::isWholeNumber (Lorg/oppia/android/app/model/Real;)Z
FN:217,org/oppia/android/util/math/RealExtensionsKt::minus (Lorg/oppia/android/app/model/Real;Lorg/oppia/android/app/model/Real;)Lorg/oppia/android/app/model/Real;
FN:184,org/oppia/android/util/math/RealExtensionsKt::plus (Lorg/oppia/android/app/model/Real;Lorg/oppia/android/app/model/Real;)Lorg/oppia/android/app/model/Real;
FN:455,org/oppia/android/util/math/RealExtensionsKt::pow (II)Lorg/oppia/android/app/model/Real;
FN:358,org/oppia/android/util/math/RealExtensionsKt::pow (Lorg/oppia/android/app/model/Real;Lorg/oppia/android/app/model/Real;)Lorg/oppia/android/app/model/Real;
FN:501,org/oppia/android/util/math/RealExtensionsKt::root (II)Lorg/oppia/android/app/model/Real;
FN:469,org/oppia/android/util/math/RealExtensionsKt::root (Lorg/oppia/android/app/model/Fraction;IZ)Lorg/oppia/android/app/model/Real;
FN:424,org/oppia/android/util/math/RealExtensionsKt::sqrt (Lorg/oppia/android/app/model/Real;)Lorg/oppia/android/app/model/Real;
FN:253,org/oppia/android/util/math/RealExtensionsKt::times (Lorg/oppia/android/app/model/Real;Lorg/oppia/android/app/model/Real;)Lorg/oppia/android/app/model/Real;
FN:102,org/oppia/android/util/math/RealExtensionsKt::toDouble (Lorg/oppia/android/app/model/Real;)D
FN:138,org/oppia/android/util/math/RealExtensionsKt::toPlainText (Lorg/oppia/android/app/model/Real;)Ljava/lang/String;
FN:153,org/oppia/android/util/math/RealExtensionsKt::unaryMinus (Lorg/oppia/android/app/model/Real;)Lorg/oppia/android/app/model/Real;
FNDA:0,org/oppia/android/util/math/RealExtensionsKt$ONE$2::invoke ()Lorg/oppia/android/app/model/Real;
FNDA:0,org/oppia/android/util/math/RealExtensionsKt$ONE_HALF$2::invoke ()Lorg/oppia/android/app/model/Real;
FNDA:0,org/oppia/android/util/math/RealExtensionsKt$REAL_COMPARATOR$2::invoke ()Ljava/util/Comparator;
FNDA:0,org/oppia/android/util/math/RealExtensionsKt$ZERO$2::invoke ()Lorg/oppia/android/app/model/Real;
FNDA:1,org/oppia/android/util/math/RealExtensionsKt::<clinit> ()V
FNDA:0,org/oppia/android/util/math/RealExtensionsKt::abs (Lorg/oppia/android/app/model/Real;)Lorg/oppia/android/app/model/Real;
FNDA:0,org/oppia/android/util/math/RealExtensionsKt::asWholeNumber (Lorg/oppia/android/app/model/Real;)Ljava/lang/Integer;
FNDA:0,org/oppia/android/util/math/RealExtensionsKt::createIntegerReal (I)Lorg/oppia/android/app/model/Real;
FNDA:0,org/oppia/android/util/math/RealExtensionsKt::createIrrationalReal (D)Lorg/oppia/android/app/model/Real;
FNDA:0,org/oppia/android/util/math/RealExtensionsKt::createRationalReal (Lorg/oppia/android/app/model/Fraction;)Lorg/oppia/android/app/model/Real;
FNDA:0,org/oppia/android/util/math/RealExtensionsKt::div (Lorg/oppia/android/app/model/Real;Lorg/oppia/android/app/model/Real;)Lorg/oppia/android/app/model/Real;
FNDA:0,org/oppia/android/util/math/RealExtensionsKt::divide (II)Lorg/oppia/android/app/model/Real;
FNDA:0,org/oppia/android/util/math/RealExtensionsKt::getONE ()Lorg/oppia/android/app/model/Real;
FNDA:0,org/oppia/android/util/math/RealExtensionsKt::getONE_HALF ()Lorg/oppia/android/app/model/Real;
FNDA:0,org/oppia/android/util/math/RealExtensionsKt::getREAL_COMPARATOR ()Ljava/util/Comparator;
FNDA:0,org/oppia/android/util/math/RealExtensionsKt::getZERO ()Lorg/oppia/android/app/model/Real;
FNDA:0,org/oppia/android/util/math/RealExtensionsKt::isApproximatelyEqualTo (Lorg/oppia/android/app/model/Real;D)Z
FNDA:0,org/oppia/android/util/math/RealExtensionsKt::isApproximatelyEqualTo (Lorg/oppia/android/app/model/Real;Lorg/oppia/android/app/model/Real;)Z
FNDA:0,org/oppia/android/util/math/RealExtensionsKt::isApproximatelyZero (Lorg/oppia/android/app/model/Real;)Z
FNDA:0,org/oppia/android/util/math/RealExtensionsKt::isInteger (Lorg/oppia/android/app/model/Real;)Z
FNDA:0,org/oppia/android/util/math/RealExtensionsKt::isNegative (Lorg/oppia/android/app/model/Real;)Z
FNDA:0,org/oppia/android/util/math/RealExtensionsKt::isOdd (I)Z
FNDA:0,org/oppia/android/util/math/RealExtensionsKt::isRational (Lorg/oppia/android/app/model/Real;)Z
FNDA:0,org/oppia/android/util/math/RealExtensionsKt::isWholeNumber (Lorg/oppia/android/app/model/Real;)Z
FNDA:0,org/oppia/android/util/math/RealExtensionsKt::minus (Lorg/oppia/android/app/model/Real;Lorg/oppia/android/app/model/Real;)Lorg/oppia/android/app/model/Real;
FNDA:0,org/oppia/android/util/math/RealExtensionsKt::plus (Lorg/oppia/android/app/model/Real;Lorg/oppia/android/app/model/Real;)Lorg/oppia/android/app/model/Real;
FNDA:0,org/oppia/android/util/math/RealExtensionsKt::pow (II)Lorg/oppia/android/app/model/Real;
FNDA:0,org/oppia/android/util/math/RealExtensionsKt::pow (Lorg/oppia/android/app/model/Real;Lorg/oppia/android/app/model/Real;)Lorg/oppia/android/app/model/Real;
FNDA:0,org/oppia/android/util/math/RealExtensionsKt::root (II)Lorg/oppia/android/app/model/Real;
FNDA:0,org/oppia/android/util/math/RealExtensionsKt::root (Lorg/oppia/android/app/model/Fraction;IZ)Lorg/oppia/android/app/model/Real;
FNDA:0,org/oppia/android/util/math/RealExtensionsKt::sqrt (Lorg/oppia/android/app/model/Real;)Lorg/oppia/android/app/model/Real;
FNDA:0,org/oppia/android/util/math/RealExtensionsKt::times (Lorg/oppia/android/app/model/Real;Lorg/oppia/android/app/model/Real;)Lorg/oppia/android/app/model/Real;
FNDA:1,org/oppia/android/util/math/RealExtensionsKt::toDouble (Lorg/oppia/android/app/model/Real;)D
FNDA:0,org/oppia/android/util/math/RealExtensionsKt::toPlainText (Lorg/oppia/android/app/model/Real;)Ljava/lang/String;
FNDA:0,org/oppia/android/util/math/RealExtensionsKt::unaryMinus (Lorg/oppia/android/app/model/Real;)Lorg/oppia/android/app/model/Real;
FNF:35
FNH:2
BRDA:44,0,0,-
BRDA:44,0,1,-
BRDA:52,0,0,-
BRDA:52,0,1,-
BRDA:61,0,0,-
BRDA:61,0,1,-
BRDA:61,0,2,-
BRDA:61,0,3,-
BRDA:61,0,4,-
BRDA:61,0,5,-
BRDA:69,0,0,-
BRDA:69,0,1,-
BRDA:69,0,2,-
BRDA:69,0,3,-
BRDA:69,0,4,-
BRDA:69,0,5,-
BRDA:69,0,6,-
BRDA:71,0,0,-
BRDA:71,0,1,-
BRDA:72,0,0,-
BRDA:72,0,1,-
BRDA:102,0,0,0
BRDA:102,0,1,1
BRDA:102,0,2,0
BRDA:102,0,3,1
BRDA:102,0,4,1
BRDA:102,0,5,0
BRDA:102,0,6,0
BRDA:119,0,0,-
BRDA:119,0,1,-
BRDA:119,0,2,-
BRDA:119,0,3,-
BRDA:119,0,4,-
BRDA:119,0,5,-
BRDA:119,0,6,-
BRDA:120,0,0,-
BRDA:120,0,1,-
BRDA:138,0,0,-
BRDA:138,0,1,-
BRDA:138,0,2,-
BRDA:138,0,3,-
BRDA:138,0,4,-
BRDA:138,0,5,-
BRDA:138,0,6,-
BRDA:153,0,0,-
BRDA:153,0,1,-
BRDA:153,0,2,-
BRDA:153,0,3,-
BRDA:153,0,4,-
BRDA:153,0,5,-
BRDA:153,0,6,-
BRDA:184,0,0,-
BRDA:184,0,1,-
BRDA:184,0,2,-
BRDA:184,0,3,-
BRDA:184,0,4,-
BRDA:184,0,5,-
BRDA:184,0,6,-
BRDA:185,0,0,-
BRDA:185,0,1,-
BRDA:185,0,2,-
BRDA:185,0,3,-
BRDA:185,0,4,-
BRDA:185,0,5,-
BRDA:185,0,6,-
BRDA:191,0,0,-
BRDA:191,0,1,-
BRDA:191,0,2,-
BRDA:191,0,3,-
BRDA:191,0,4,-
BRDA:191,0,5,-
BRDA:191,0,6,-
BRDA:197,0,0,-
BRDA:197,0,1,-
BRDA:197,0,2,-
BRDA:197,0,3,-
BRDA:197,0,4,-
BRDA:197,0,5,-
BRDA:197,0,6,-
BRDA:217,0,0,-
BRDA:217,0,1,-
BRDA:217,0,2,-
BRDA:217,0,3,-
BRDA:217,0,4,-
BRDA:217,0,5,-
BRDA:217,0,6,-
BRDA:218,0,0,-
BRDA:218,0,1,-
BRDA:218,0,2,-
BRDA:218,0,3,-
BRDA:218,0,4,-
BRDA:218,0,5,-
BRDA:218,0,6,-
BRDA:224,0,0,-
BRDA:224,0,1,-
BRDA:224,0,2,-
BRDA:224,0,3,-
BRDA:224,0,4,-
BRDA:224,0,5,-
BRDA:224,0,6,-
BRDA:230,0,0,-
BRDA:230,0,1,-
BRDA:230,0,2,-
BRDA:230,0,3,-
BRDA:230,0,4,-
BRDA:230,0,5,-
BRDA:230,0,6,-
BRDA:253,0,0,-
BRDA:253,0,1,-
BRDA:253,0,2,-
BRDA:253,0,3,-
BRDA:253,0,4,-
BRDA:253,0,5,-
BRDA:253,0,6,-
BRDA:254,0,0,-
BRDA:254,0,1,-
BRDA:254,0,2,-
BRDA:254,0,3,-
BRDA:254,0,4,-
BRDA:254,0,5,-
BRDA:254,0,6,-
BRDA:260,0,0,-
BRDA:260,0,1,-
BRDA:260,0,2,-
BRDA:260,0,3,-
BRDA:260,0,4,-
BRDA:260,0,5,-
BRDA:260,0,6,-
BRDA:266,0,0,-
BRDA:266,0,1,-
BRDA:266,0,2,-
BRDA:266,0,3,-
BRDA:266,0,4,-
BRDA:266,0,5,-
BRDA:266,0,6,-
BRDA:291,0,0,-
BRDA:291,0,1,-
BRDA:291,0,2,-
BRDA:291,0,3,-
BRDA:291,0,4,-
BRDA:291,0,5,-
BRDA:291,0,6,-
BRDA:292,0,0,-
BRDA:292,0,1,-
BRDA:292,0,2,-
BRDA:292,0,3,-
BRDA:292,0,4,-
BRDA:292,0,5,-
BRDA:292,0,6,-
BRDA:298,0,0,-
BRDA:298,0,1,-
BRDA:298,0,2,-
BRDA:298,0,3,-
BRDA:298,0,4,-
BRDA:298,0,5,-
BRDA:298,0,6,-
BRDA:304,0,0,-
BRDA:304,0,1,-
BRDA:304,0,2,-
BRDA:304,0,3,-
BRDA:304,0,4,-
BRDA:304,0,5,-
BRDA:304,0,6,-
BRDA:358,0,0,-
BRDA:358,0,1,-
BRDA:358,0,2,-
BRDA:358,0,3,-
BRDA:358,0,4,-
BRDA:358,0,5,-
BRDA:358,0,6,-
BRDA:361,0,0,-
BRDA:361,0,1,-
BRDA:361,0,2,-
BRDA:361,0,3,-
BRDA:361,0,4,-
BRDA:361,0,5,-
BRDA:361,0,6,-
BRDA:373,0,0,-
BRDA:373,0,1,-
BRDA:373,0,2,-
BRDA:373,0,3,-
BRDA:373,0,4,-
BRDA:373,0,5,-
BRDA:373,0,6,-
BRDA:382,0,0,-
BRDA:382,0,1,-
BRDA:382,0,2,-
BRDA:382,0,3,-
BRDA:382,0,4,-
BRDA:382,0,5,-
BRDA:382,0,6,-
BRDA:424,0,0,-
BRDA:424,0,1,-
BRDA:424,0,2,-
BRDA:424,0,3,-
BRDA:424,0,4,-
BRDA:424,0,5,-
BRDA:424,0,6,-
BRDA:437,0,0,-
BRDA:437,0,1,-
BRDA:442,0,0,-
BRDA:442,0,1,-
BRDA:447,0,0,-
BRDA:447,0,1,-
BRDA:447,0,2,-
BRDA:447,0,3,-
BRDA:456,0,0,-
BRDA:456,0,1,-
BRDA:457,0,0,-
BRDA:457,0,1,-
BRDA:458,0,0,-
BRDA:458,0,1,-
BRDA:462,0,0,-
BRDA:462,0,1,-
BRDA:469,0,0,-
BRDA:469,0,1,-
BRDA:469,0,2,-
BRDA:469,0,3,-
BRDA:473,0,0,-
BRDA:473,0,1,-
BRDA:475,0,0,-
BRDA:475,0,1,-
BRDA:476,0,0,-
BRDA:476,0,1,-
BRDA:478,0,0,-
BRDA:478,0,1,-
BRDA:478,0,2,-
BRDA:478,0,3,-
BRDA:479,0,0,-
BRDA:479,0,1,-
BRDA:479,0,2,-
BRDA:479,0,3,-
BRDA:482,0,0,-
BRDA:482,0,1,-
BRDA:482,0,2,-
BRDA:482,0,3,-
BRDA:501,0,0,-
BRDA:501,0,1,-
BRDA:501,0,2,-
BRDA:501,0,3,-
BRDA:510,0,0,-
BRDA:510,0,1,-
BRDA:510,0,2,-
BRDA:510,0,3,-
BRDA:511,0,0,-
BRDA:511,0,1,-
BRDA:511,0,2,-
BRDA:511,0,3,-
BRDA:514,0,0,-
BRDA:514,0,1,-
BRDA:520,0,0,-
BRDA:520,0,1,-
BRDA:520,0,2,-
BRDA:520,0,3,-
BRDA:520,0,4,-
BRDA:520,0,5,-
BRDA:526,0,0,-
BRDA:526,0,1,-
BRDA:536,0,0,-
BRDA:536,0,1,-
BRDA:539,0,0,-
BRDA:539,0,1,-
BRDA:541,0,0,-
BRDA:541,0,1,-
BRDA:541,0,2,-
BRDA:541,0,3,-
BRDA:552,0,0,-
BRDA:552,0,1,-
BRDA:558,0,0,-
BRDA:558,0,1,-
BRF:270
BRH:3
DA:13,1
DA:14,0
DA:18,1
DA:19,0
DA:23,1
DA:24,0
DA:25,0
DA:26,0
DA:27,0
DA:28,0
DA:29,0
DA:37,1
DA:44,0
DA:52,0
DA:61,0
DA:62,0
DA:63,0
DA:64,0
DA:69,0
DA:70,0
DA:71,0
DA:72,0
DA:73,0
DA:74,0
DA:81,0
DA:89,0
DA:93,0
DA:102,1
DA:103,0
DA:104,1
DA:105,1
DA:106,0
DA:119,0
DA:120,0
DA:121,0
DA:122,0
DA:123,0
DA:138,0
DA:141,0
DA:142,0
DA:143,0
DA:145,0
DA:146,0
DA:153,0
DA:154,0
DA:155,0
DA:156,0
DA:157,0
DA:184,0
DA:185,0
DA:186,0
DA:187,0
DA:188,0
DA:189,0
DA:191,0
DA:192,0
DA:193,0
DA:194,0
DA:195,0
DA:197,0
DA:198,0
DA:199,0
DA:200,0
DA:201,0
DA:203,0
DA:217,0
DA:218,0
DA:219,0
DA:220,0
DA:221,0
DA:222,0
DA:224,0
DA:225,0
DA:226,0
DA:227,0
DA:228,0
DA:230,0
DA:231,0
DA:232,0
DA:233,0
DA:234,0
DA:236,0
DA:253,0
DA:254,0
DA:255,0
DA:256,0
DA:257,0
DA:258,0
DA:260,0
DA:261,0
DA:262,0
DA:263,0
DA:264,0
DA:266,0
DA:267,0
DA:268,0
DA:269,0
DA:270,0
DA:272,0
DA:291,0
DA:292,0
DA:293,0
DA:294,0
DA:295,0
DA:296,0
DA:298,0
DA:299,0
DA:300,0
DA:301,0
DA:302,0
DA:304,0
DA:305,0
DA:306,0
DA:307,0
DA:308,0
DA:310,0
DA:358,0
DA:361,0
DA:363,0
DA:364,0
DA:366,0
DA:367,0
DA:368,0
DA:373,0
DA:374,0
DA:375,0
DA:376,0
DA:377,0
DA:382,0
DA:385,0
DA:386,0
DA:387,0
DA:390,0
DA:391,0
DA:392,0
DA:395,0
DA:424,0
DA:425,0
DA:426,0
DA:427,0
DA:428,0
DA:437,0
DA:439,0
DA:441,0
DA:442,0
DA:443,0
DA:446,0
DA:447,0
DA:448,0
DA:449,0
DA:450,0
DA:452,0
DA:455,0
DA:456,0
DA:457,0
DA:458,0
DA:459,0
DA:461,0
DA:462,0
DA:463,0
DA:469,0
DA:471,0
DA:472,0
DA:473,0
DA:474,0
DA:475,0
DA:476,0
DA:477,0
DA:478,0
DA:479,0
DA:480,0
DA:481,0
DA:482,0
DA:483,0
DA:484,0
DA:485,0
DA:486,0
DA:491,0
DA:492,0
DA:493,0
DA:501,0
DA:505,0
DA:506,0
DA:507,0
DA:510,0
DA:511,0
DA:513,0
DA:514,0
DA:516,0
DA:517,0
DA:518,0
DA:520,0
DA:522,0
DA:523,0
DA:524,0
DA:526,0
DA:528,0
DA:529,0
DA:530,0
DA:534,0
DA:535,0
DA:536,0
DA:537,0
DA:539,0
DA:541,0
DA:543,0
DA:545,0
DA:546,0
DA:547,0
DA:551,0
DA:552,0
DA:553,0
DA:554,0
DA:555,0
DA:558,0
DA:560,0
DA:561,0
DA:562,0
DA:564,0
DA:565,0
DA:566,0
DA:568,0
DA:569,0
DA:570,0
LH:7
LF:224
end_of_record
